[0.000000] (-) TimerEvent: {}
[0.000408] (my_pkg) JobQueued: {'identifier': 'my_pkg', 'dependencies': OrderedDict()}
[0.000447] (my_pkg) JobStarted: {'identifier': 'my_pkg'}
[0.008931] (my_pkg) JobProgress: {'identifier': 'my_pkg', 'progress': 'cmake'}
[0.009918] (my_pkg) JobProgress: {'identifier': 'my_pkg', 'progress': 'build'}
[0.010398] (my_pkg) Command: {'cmd': ['/usr/bin/cmake', '--build', '/home/ahmed/projects/ROS2/workspace-project/ROS2-workspace/build/my_pkg', '--', '-j16', '-l16'], 'cwd': '/home/ahmed/projects/ROS2/workspace-project/ROS2-workspace/build/my_pkg', 'env': OrderedDict([('GJS_DEBUG_TOPICS', 'JS ERROR;JS LOG'), ('VSCODE_CWD', '/home/ahmed'), ('USER', 'ahmed'), ('LC_TIME', 'en_US.UTF-8'), ('SNAP_COMMON', '/var/snap/code/common'), ('VSCODE_NLS_CONFIG', '{"locale":"en-us","osLocale":"en-us","availableLanguages":{},"_languagePackSupport":true}'), ('GIO_MODULE_DIR', '/home/ahmed/snap/code/common/.cache/gio-modules'), ('VSCODE_HANDLES_UNCAUGHT_ERRORS', 'true'), ('XDG_SESSION_TYPE', 'wayland'), ('GTK_EXE_PREFIX_VSCODE_SNAP_ORIG', ''), ('GIT_ASKPASS', '/snap/code/157/usr/share/code/resources/app/extensions/git/dist/askpass.sh'), ('GDK_BACKEND_VSCODE_SNAP_ORIG', ''), ('SHLVL', '0'), ('LD_LIBRARY_PATH', '/opt/ros/humble/opt/rviz_ogre_vendor/lib:/opt/ros/humble/lib/x86_64-linux-gnu:/opt/ros/humble/lib'), ('SNAP_UID', '1000'), ('HOME', '/home/ahmed'), ('LOCPATH_VSCODE_SNAP_ORIG', ''), ('OLDPWD', '/home/ahmed/projects/ROS2/workspace-project/ROS2-workspace'), ('CHROME_DESKTOP', 'code-url-handler.desktop'), ('LESS', '-R'), ('SNAP_LIBRARY_PATH', '/var/lib/snapd/lib/gl:/var/lib/snapd/lib/gl32:/var/lib/snapd/void'), ('DESKTOP_SESSION', 'ubuntu'), ('GTK_PATH', '/snap/code/157/usr/lib/x86_64-linux-gnu/gtk-3.0'), ('SNAP_USER_DATA', '/home/ahmed/snap/code/157'), ('TERM_PROGRAM_VERSION', '1.88.1'), ('GTK_IM_MODULE_FILE', '/home/ahmed/snap/code/common/.cache/immodules/immodules.cache'), ('GIO_LAUNCHED_DESKTOP_FILE', '/var/lib/snapd/desktop/applications/code_code.desktop'), ('ZSH', '/home/ahmed/.oh-my-zsh'), ('LSCOLORS', 'Gxfxcxdxbxegedabagacad'), ('VSCODE_IPC_HOOK', '/run/user/1000/vscode-d15692bc-1.88-main.sock'), ('GNOME_SHELL_SESSION_MODE', 'ubuntu'), ('GTK_MODULES', 'gail:atk-bridge'), ('GSETTINGS_SCHEMA_DIR_VSCODE_SNAP_ORIG', ''), ('PAGER', 'less'), ('ROS_PYTHON_VERSION', '3'), ('APPLICATION_INSIGHTS_NO_DIAGNOSTIC_CHANNEL', '1'), ('VSCODE_GIT_ASKPASS_MAIN', '/snap/code/157/usr/share/code/resources/app/extensions/git/dist/askpass-main.js'), ('LC_MONETARY', 'en_US.UTF-8'), ('MANAGERPID', '1576'), ('VSCODE_GIT_ASKPASS_NODE', '/snap/code/157/usr/share/code/code'), ('SYSTEMD_EXEC_PID', '1727'), ('DBUS_SESSION_BUS_ADDRESS', 'unix:path=/run/user/1000/bus'), ('GIO_LAUNCHED_DESKTOP_FILE_PID', '4836'), ('SNAP_REVISION', '157'), ('COLORTERM', 'truecolor'), ('VSCODE_CRASH_REPORTER_PROCESS_TYPE', 'extensionHost'), ('WAYLAND_DISPLAY', 'wayland-0'), ('ROS_DISTRO', 'humble'), ('COLCON_PREFIX_PATH', '/home/ahmed/projects/ROS2/workspace-project/ROS2-workspace/install'), ('VSCODE_L10N_BUNDLE_LOCATION', ''), ('LOGNAME', 'ahmed'), ('JOURNAL_STREAM', '8:25943'), ('_', '/usr/bin/colcon'), ('SNAP_CONTEXT', 'm2Cu0vsbbo3eI__ThliLlzi1AU4TAPBL8ruQWg1Itf3bno2g71jt'), ('XDG_CONFIG_DIRS_VSCODE_SNAP_ORIG', ''), ('XDG_SESSION_CLASS', 'user'), ('XDG_DATA_DIRS_VSCODE_SNAP_ORIG', '/usr/local/share/:/usr/share/:/var/lib/snapd/desktop'), ('ROS_VERSION', '2'), ('SNAP_VERSION', 'e170252f'), ('USERNAME', 'ahmed'), ('TERM', 'xterm-256color'), ('GNOME_DESKTOP_SESSION_ID', 'this-is-deprecated'), ('ROS_LOCALHOST_ONLY', '0'), ('SNAP_INSTANCE_NAME', 'code'), ('PATH', '/opt/ros/humble/bin:/usr/local/sbin:/usr/local/bin:/usr/sbin:/usr/bin:/sbin:/bin:/usr/games:/usr/local/games:/snap/bin:/snap/bin'), ('SESSION_MANAGER', 'local/ahmed:@/tmp/.ICE-unix/1689,unix/ahmed:/tmp/.ICE-unix/1689'), ('GTK_EXE_PREFIX', '/snap/code/157/usr'), ('INVOCATION_ID', '5585e66754f749e3b9d7feaf92379593'), ('PAPERSIZE', 'letter'), ('VSCODE_AMD_ENTRYPOINT', 'vs/workbench/api/node/extensionHostProcess'), ('XDG_MENU_PREFIX', 'gnome-'), ('LC_ADDRESS', 'en_US.UTF-8'), ('BAMF_DESKTOP_FILE_HINT', '/var/lib/snapd/desktop/applications/code_code.desktop'), ('GNOME_SETUP_DISPLAY', ':1'), ('XDG_RUNTIME_DIR', '/run/user/1000'), ('GDK_BACKEND', 'x11'), ('SNAP_DATA', '/var/snap/code/157'), ('DISPLAY', ':0'), ('LOCPATH', '/snap/code/157/usr/lib/locale'), ('LANG', 'en_US.UTF-8'), ('XDG_CURRENT_DESKTOP', 'Unity'), ('LC_TELEPHONE', 'en_US.UTF-8'), ('GIO_MODULE_DIR_VSCODE_SNAP_ORIG', ''), ('XMODIFIERS', '@im=ibus'), ('XDG_SESSION_DESKTOP', 'ubuntu'), ('XAUTHORITY', '/run/user/1000/.mutter-Xwaylandauth.DAIGM2'), ('LS_COLORS', ''), ('TERM_PROGRAM', 'vscode'), ('VSCODE_GIT_IPC_HANDLE', '/run/user/1000/vscode-git-5306c328cd.sock'), ('SSH_AGENT_LAUNCHER', 'gnome-keyring'), ('SSH_AUTH_SOCK', '/run/user/1000/keyring/ssh'), ('GSETTINGS_SCHEMA_DIR', '/home/ahmed/snap/code/157/.local/share/glib-2.0/schemas'), ('ORIGINAL_XDG_CURRENT_DESKTOP', 'ubuntu:GNOME'), ('AMENT_PREFIX_PATH', '/home/ahmed/projects/ROS2/workspace-project/ROS2-workspace/install/my_pkg:/opt/ros/humble'), ('SNAP_USER_COMMON', '/home/ahmed/snap/code/common'), ('SNAP_ARCH', 'amd64'), ('SNAP_COOKIE', 'm2Cu0vsbbo3eI__ThliLlzi1AU4TAPBL8ruQWg1Itf3bno2g71jt'), ('SHELL', '/usr/bin/zsh'), ('LC_NAME', 'en_US.UTF-8'), ('GDK_PIXBUF_MODULEDIR', '/snap/code/157/usr/lib/x86_64-linux-gnu/gdk-pixbuf-2.0/2.10.0/loaders'), ('QT_ACCESSIBILITY', '1'), ('GDMSESSION', 'ubuntu'), ('ELECTRON_RUN_AS_NODE', '1'), ('GTK_PATH_VSCODE_SNAP_ORIG', ''), ('SNAP_NAME', 'code'), ('GTK_IM_MODULE_FILE_VSCODE_SNAP_ORIG', ''), ('LC_MEASUREMENT', 'en_US.UTF-8'), ('GJS_DEBUG_OUTPUT', 'stderr'), ('LC_IDENTIFICATION', 'en_US.UTF-8'), ('GDK_PIXBUF_MODULE_FILE', '/home/ahmed/snap/code/common/.cache/gdk-pixbuf-loaders.cache'), ('QT_IM_MODULE', 'ibus'), ('SNAP_LAUNCHER_ARCH_TRIPLET', 'x86_64-linux-gnu'), ('VSCODE_GIT_ASKPASS_EXTRA_ARGS', ''), ('PWD', '/home/ahmed/projects/ROS2/workspace-project/ROS2-workspace/build/my_pkg'), ('LC_ALL', 'en_US.UTF-8'), ('VSCODE_CLI', '1'), ('XDG_DATA_DIRS', '/usr/share/ubuntu:/home/ahmed/snap/code/157/.local/share:/home/ahmed/snap/code/157:/snap/code/157/usr/share:/usr/local/share/:/usr/share/:/var/lib/snapd/desktop'), ('XDG_CONFIG_DIRS', '/etc/xdg/xdg-ubuntu:/etc/xdg'), ('SNAP_REAL_HOME', '/home/ahmed'), ('VSCODE_CODE_CACHE_PATH', '/home/ahmed/.config/Code/CachedData/e170252f762678dec6ca2cc69aba1570769a5d39'), ('LC_NUMERIC', 'en_US.UTF-8'), ('PYTHONPATH', '/opt/ros/humble/lib/python3.10/site-packages:/opt/ros/humble/local/lib/python3.10/dist-packages'), ('SNAP_EUID', '1000'), ('SNAP', '/snap/code/157'), ('LC_PAPER', 'en_US.UTF-8'), ('COLCON', '1'), ('ELECTRON_NO_ATTACH_CONSOLE', '1'), ('CMAKE_PREFIX_PATH', '/home/ahmed/projects/ROS2/workspace-project/ROS2-workspace/install/my_pkg:/opt/ros/humble'), ('VSCODE_PID', '4890')]), 'shell': False}
[0.061268] (my_pkg) StdoutLine: {'line': b'\x1b[35m\x1b[1mConsolidate compiler generated dependencies of target welcome_node\x1b[0m\n'}
[0.083667] (my_pkg) StdoutLine: {'line': b'[ 50%] \x1b[32mBuilding CXX object CMakeFiles/welcome_node.dir/src/simple_welcome_node.cpp.o\x1b[0m\n'}
[0.099298] (-) TimerEvent: {}
[0.199609] (-) TimerEvent: {}
[0.299973] (-) TimerEvent: {}
[0.400458] (-) TimerEvent: {}
[0.500937] (-) TimerEvent: {}
[0.601276] (-) TimerEvent: {}
[0.701654] (-) TimerEvent: {}
[0.802136] (-) TimerEvent: {}
[0.902540] (-) TimerEvent: {}
[1.002924] (-) TimerEvent: {}
[1.103299] (-) TimerEvent: {}
[1.203595] (-) TimerEvent: {}
[1.303900] (-) TimerEvent: {}
[1.404222] (-) TimerEvent: {}
[1.504532] (-) TimerEvent: {}
[1.604915] (-) TimerEvent: {}
[1.705213] (-) TimerEvent: {}
[1.805512] (-) TimerEvent: {}
[1.863546] (my_pkg) StderrLine: {'line': b'In file included from \x1b[01m\x1b[K/opt/ros/humble/include/rclcpp/rclcpp/logging.hpp:24\x1b[m\x1b[K,\n'}
[1.863825] (my_pkg) StderrLine: {'line': b'                 from \x1b[01m\x1b[K/opt/ros/humble/include/rclcpp/rclcpp/client.hpp:40\x1b[m\x1b[K,\n'}
[1.863932] (my_pkg) StderrLine: {'line': b'                 from \x1b[01m\x1b[K/opt/ros/humble/include/rclcpp/rclcpp/callback_group.hpp:24\x1b[m\x1b[K,\n'}
[1.864025] (my_pkg) StderrLine: {'line': b'                 from \x1b[01m\x1b[K/opt/ros/humble/include/rclcpp/rclcpp/any_executable.hpp:20\x1b[m\x1b[K,\n'}
[1.864127] (my_pkg) StderrLine: {'line': b'                 from \x1b[01m\x1b[K/opt/ros/humble/include/rclcpp/rclcpp/memory_strategy.hpp:25\x1b[m\x1b[K,\n'}
[1.864218] (my_pkg) StderrLine: {'line': b'                 from \x1b[01m\x1b[K/opt/ros/humble/include/rclcpp/rclcpp/memory_strategies.hpp:18\x1b[m\x1b[K,\n'}
[1.864309] (my_pkg) StderrLine: {'line': b'                 from \x1b[01m\x1b[K/opt/ros/humble/include/rclcpp/rclcpp/executor_options.hpp:20\x1b[m\x1b[K,\n'}
[1.864397] (my_pkg) StderrLine: {'line': b'                 from \x1b[01m\x1b[K/opt/ros/humble/include/rclcpp/rclcpp/executor.hpp:37\x1b[m\x1b[K,\n'}
[1.864481] (my_pkg) StderrLine: {'line': b'                 from \x1b[01m\x1b[K/opt/ros/humble/include/rclcpp/rclcpp/executors/multi_threaded_executor.hpp:25\x1b[m\x1b[K,\n'}
[1.864595] (my_pkg) StderrLine: {'line': b'                 from \x1b[01m\x1b[K/opt/ros/humble/include/rclcpp/rclcpp/executors.hpp:21\x1b[m\x1b[K,\n'}
[1.864686] (my_pkg) StderrLine: {'line': b'                 from \x1b[01m\x1b[K/opt/ros/humble/include/rclcpp/rclcpp/rclcpp.hpp:155\x1b[m\x1b[K,\n'}
[1.864769] (my_pkg) StderrLine: {'line': b'                 from \x1b[01m\x1b[K/home/ahmed/projects/ROS2/workspace-project/ROS2-workspace/src/my_pkg/src/simple_welcome_node.cpp:1\x1b[m\x1b[K:\n'}
[1.864859] (my_pkg) StderrLine: {'line': b'\x1b[01m\x1b[K/home/ahmed/projects/ROS2/workspace-project/ROS2-workspace/src/my_pkg/src/simple_welcome_node.cpp:\x1b[m\x1b[K In constructor \xe2\x80\x98\x1b[01m\x1b[KMyNode::\x1b[01;32m\x1b[KMyNode\x1b[m\x1b[K()\x1b[m\x1b[K\xe2\x80\x99:\n'}
[1.864951] (my_pkg) StderrLine: {'line': b'\x1b[01m\x1b[K/home/ahmed/projects/ROS2/workspace-project/ROS2-workspace/src/my_pkg/src/simple_welcome_node.cpp:16:45:\x1b[m\x1b[K \x1b[01;31m\x1b[Kerror: \x1b[m\x1b[Kcannot convert \xe2\x80\x98\x1b[01m\x1b[Kstd::string\x1b[m\x1b[K\xe2\x80\x99 {aka \xe2\x80\x98\x1b[01m\x1b[Kstd::__cxx11::basic_string<char>\x1b[m\x1b[K\xe2\x80\x99} to \xe2\x80\x98\x1b[01m\x1b[Kconst char*\x1b[m\x1b[K\xe2\x80\x99\n'}
[1.865044] (my_pkg) StderrLine: {'line': b'   16 |             RCLCPP_INFO(this->get_logger(), \x1b[01;31m\x1b[Kstream\x1b[m\x1b[K);\n'}
[1.865133] (my_pkg) StderrLine: {'line': b'      |                                             \x1b[01;31m\x1b[K^~~~~~\x1b[m\x1b[K\n'}
[1.865222] (my_pkg) StderrLine: {'line': b'      |                                             \x1b[01;31m\x1b[K|\x1b[m\x1b[K\n'}
[1.865307] (my_pkg) StderrLine: {'line': b'      |                                             \x1b[01;31m\x1b[Kstd::string {aka std::__cxx11::basic_string<char>}\x1b[m\x1b[K\n'}
[1.865390] (my_pkg) StderrLine: {'line': b'In file included from \x1b[01m\x1b[K/opt/ros/humble/include/rmw/rmw/types.h:28\x1b[m\x1b[K,\n'}
[1.865474] (my_pkg) StderrLine: {'line': b'                 from \x1b[01m\x1b[K/opt/ros/humble/include/rcl/rcl/types.h:20\x1b[m\x1b[K,\n'}
[1.865556] (my_pkg) StderrLine: {'line': b'                 from \x1b[01m\x1b[K/opt/ros/humble/include/rcl/rcl/log_level.h:22\x1b[m\x1b[K,\n'}
[1.865640] (my_pkg) StderrLine: {'line': b'                 from \x1b[01m\x1b[K/opt/ros/humble/include/rcl/rcl/arguments.h:21\x1b[m\x1b[K,\n'}
[1.865729] (my_pkg) StderrLine: {'line': b'                 from \x1b[01m\x1b[K/opt/ros/humble/include/rcl/rcl/context.h:28\x1b[m\x1b[K,\n'}
[1.865818] (my_pkg) StderrLine: {'line': b'                 from \x1b[01m\x1b[K/opt/ros/humble/include/rcl/rcl/guard_condition.h:26\x1b[m\x1b[K,\n'}
[1.865909] (my_pkg) StderrLine: {'line': b'                 from \x1b[01m\x1b[K/opt/ros/humble/include/rclcpp/rclcpp/executor.hpp:30\x1b[m\x1b[K:\n'}
[1.865995] (my_pkg) StderrLine: {'line': b'\x1b[01m\x1b[K/opt/ros/humble/include/rcutils/rcutils/logging.h:479:16:\x1b[m\x1b[K \x1b[01;36m\x1b[Knote: \x1b[m\x1b[K  initializing argument 4 of \xe2\x80\x98\x1b[01m\x1b[Kvoid\x1b[01;32m\x1b[K rcutils_log\x1b[m\x1b[K(const rcutils_log_location_t*, int, const char*, const char*, ...)\x1b[m\x1b[K\xe2\x80\x99\n'}
[1.866084] (my_pkg) StderrLine: {'line': b'  479 |   \x1b[01;36m\x1b[Kconst char * format\x1b[m\x1b[K,\n'}
[1.866194] (my_pkg) StderrLine: {'line': b'      |   \x1b[01;36m\x1b[K~~~~~~~~~~~~~^~~~~~\x1b[m\x1b[K\n'}
[1.905663] (-) TimerEvent: {}
[2.006076] (-) TimerEvent: {}
[2.106512] (-) TimerEvent: {}
[2.206864] (-) TimerEvent: {}
[2.259460] (my_pkg) StderrLine: {'line': b'gmake[2]: *** [CMakeFiles/welcome_node.dir/build.make:76: CMakeFiles/welcome_node.dir/src/simple_welcome_node.cpp.o] Error 1\n'}
[2.259893] (my_pkg) StderrLine: {'line': b'gmake[1]: *** [CMakeFiles/Makefile2:137: CMakeFiles/welcome_node.dir/all] Error 2\n'}
[2.260130] (my_pkg) StderrLine: {'line': b'gmake: *** [Makefile:146: all] Error 2\n'}
[2.262969] (my_pkg) CommandEnded: {'returncode': 2}
[2.306435] (my_pkg) JobEnded: {'identifier': 'my_pkg', 'rc': 2}
[2.306860] (-) TimerEvent: {}
[2.317275] (-) EventReactorShutdown: {}
