[0.010s] Invoking command in '/home/ahmed/projects/ROS2/workspace-project/ROS2-workspace/build/my_pkg': CMAKE_PREFIX_PATH=/opt/ros/humble /usr/bin/cmake /home/ahmed/projects/ROS2/workspace-project/ROS2-workspace/src/my_pkg -DCMAKE_INSTALL_PREFIX=/home/ahmed/projects/ROS2/workspace-project/ROS2-workspace/install/my_pkg
[0.021s] -- Found ament_cmake: 1.3.8 (/opt/ros/humble/share/ament_cmake/cmake)
[0.129s] -- Found rclcpp: 16.0.8 (/opt/ros/humble/share/rclcpp/cmake)
[0.154s] -- Found rosidl_generator_c: 3.1.5 (/opt/ros/humble/share/rosidl_generator_c/cmake)
[0.156s] -- Found rosidl_adapter: 3.1.5 (/opt/ros/humble/share/rosidl_adapter/cmake)
[0.161s] -- Found rosidl_generator_cpp: 3.1.5 (/opt/ros/humble/share/rosidl_generator_cpp/cmake)
[0.171s] -- Using all available rosidl_typesupport_c: rosidl_typesupport_fastrtps_c;rosidl_typesupport_introspection_c
[0.185s] -- Using all available rosidl_typesupport_cpp: rosidl_typesupport_fastrtps_cpp;rosidl_typesupport_introspection_cpp
[0.232s] -- Found rmw_implementation_cmake: 6.1.1 (/opt/ros/humble/share/rmw_implementation_cmake/cmake)
[0.234s] -- Found rmw_fastrtps_cpp: 6.2.6 (/opt/ros/humble/share/rmw_fastrtps_cpp/cmake)
[0.348s] -- Using RMW implementation 'rmw_fastrtps_cpp' as default
[0.545s] -- Configuring done
[0.547s] [31mCMake Error at CMakeLists.txt:12 (add_executable):
[0.548s]   Cannot find source file:
[0.548s] 
[0.548s]     src/simpel_welcome_node.cpp
[0.548s] 
[0.548s]   Tried extensions .c .C .c++ .cc .cpp .cxx .cu .mpp .m .M .mm .ixx .cppm .h
[0.548s]   .hh .h++ .hm .hpp .hxx .in .txx .f .F .for .f77 .f90 .f95 .f03 .hip .ispc
[0.549s] 
[0.549s] [0m
[0.549s] [31mCMake Error at CMakeLists.txt:12 (add_executable):
[0.549s]   No SOURCES given to target: welcome_node
[0.549s] 
[0.549s] [0m
[0.549s] [0mCMake Generate step failed.  Build files cannot be regenerated correctly.[0m
[0.555s] Invoked command in '/home/ahmed/projects/ROS2/workspace-project/ROS2-workspace/build/my_pkg' returned '1': CMAKE_PREFIX_PATH=/opt/ros/humble /usr/bin/cmake /home/ahmed/projects/ROS2/workspace-project/ROS2-workspace/src/my_pkg -DCMAKE_INSTALL_PREFIX=/home/ahmed/projects/ROS2/workspace-project/ROS2-workspace/install/my_pkg
