[0.011s] Invoking command in '/home/ahmed/projects/ROS2/workspace-project/ROS2-workspace/build/my_pkg': CMAKE_PREFIX_PATH=/opt/ros/humble /usr/bin/cmake /home/ahmed/projects/ROS2/workspace-project/ROS2-workspace/src/my_pkg -DCMAKE_INSTALL_PREFIX=/home/ahmed/projects/ROS2/workspace-project/ROS2-workspace/install/my_pkg
[0.021s] -- Found ament_cmake: 1.3.8 (/opt/ros/humble/share/ament_cmake/cmake)
[0.130s] -- Found rclcpp: 16.0.8 (/opt/ros/humble/share/rclcpp/cmake)
[0.155s] -- Found rosidl_generator_c: 3.1.5 (/opt/ros/humble/share/rosidl_generator_c/cmake)
[0.157s] -- Found rosidl_adapter: 3.1.5 (/opt/ros/humble/share/rosidl_adapter/cmake)
[0.162s] -- Found rosidl_generator_cpp: 3.1.5 (/opt/ros/humble/share/rosidl_generator_cpp/cmake)
[0.171s] -- Using all available rosidl_typesupport_c: rosidl_typesupport_fastrtps_c;rosidl_typesupport_introspection_c
[0.185s] -- Using all available rosidl_typesupport_cpp: rosidl_typesupport_fastrtps_cpp;rosidl_typesupport_introspection_cpp
[0.233s] -- Found rmw_implementation_cmake: 6.1.1 (/opt/ros/humble/share/rmw_implementation_cmake/cmake)
[0.234s] -- Found rmw_fastrtps_cpp: 6.2.6 (/opt/ros/humble/share/rmw_fastrtps_cpp/cmake)
[0.346s] -- Using RMW implementation 'rmw_fastrtps_cpp' as default
[0.539s] -- Configuring done
[0.547s] -- Generating done
[0.548s] -- Build files have been written to: /home/ahmed/projects/ROS2/workspace-project/ROS2-workspace/build/my_pkg
[0.555s] Invoked command in '/home/ahmed/projects/ROS2/workspace-project/ROS2-workspace/build/my_pkg' returned '0': CMAKE_PREFIX_PATH=/opt/ros/humble /usr/bin/cmake /home/ahmed/projects/ROS2/workspace-project/ROS2-workspace/src/my_pkg -DCMAKE_INSTALL_PREFIX=/home/ahmed/projects/ROS2/workspace-project/ROS2-workspace/install/my_pkg
[0.557s] Invoking command in '/home/ahmed/projects/ROS2/workspace-project/ROS2-workspace/build/my_pkg': CMAKE_PREFIX_PATH=/opt/ros/humble /usr/bin/cmake --build /home/ahmed/projects/ROS2/workspace-project/ROS2-workspace/build/my_pkg -- -j16 -l16
[0.609s] [ 50%] [32mBuilding CXX object CMakeFiles/welcome_node.dir/src/simple_welcome_node.cpp.o[0m
[2.755s] [100%] [32m[1mLinking CXX executable welcome_node[0m
[2.883s] [100%] Built target welcome_node
[2.896s] Invoked command in '/home/ahmed/projects/ROS2/workspace-project/ROS2-workspace/build/my_pkg' returned '0': CMAKE_PREFIX_PATH=/opt/ros/humble /usr/bin/cmake --build /home/ahmed/projects/ROS2/workspace-project/ROS2-workspace/build/my_pkg -- -j16 -l16
[2.937s] Invoking command in '/home/ahmed/projects/ROS2/workspace-project/ROS2-workspace/build/my_pkg': CMAKE_PREFIX_PATH=/opt/ros/humble /usr/bin/cmake --install /home/ahmed/projects/ROS2/workspace-project/ROS2-workspace/build/my_pkg
[2.944s] -- Install configuration: ""
[2.945s] -- Installing: /home/ahmed/projects/ROS2/workspace-project/ROS2-workspace/install/my_pkg/lib/$(PROJECT_NAME)/welcome_node
[2.945s] -- Set runtime path of "/home/ahmed/projects/ROS2/workspace-project/ROS2-workspace/install/my_pkg/lib/$(PROJECT_NAME)/welcome_node" to ""
[2.945s] -- Installing: /home/ahmed/projects/ROS2/workspace-project/ROS2-workspace/install/my_pkg/share/ament_index/resource_index/package_run_dependencies/my_pkg
[2.945s] -- Installing: /home/ahmed/projects/ROS2/workspace-project/ROS2-workspace/install/my_pkg/share/ament_index/resource_index/parent_prefix_path/my_pkg
[2.946s] -- Installing: /home/ahmed/projects/ROS2/workspace-project/ROS2-workspace/install/my_pkg/share/my_pkg/environment/ament_prefix_path.sh
[2.946s] -- Installing: /home/ahmed/projects/ROS2/workspace-project/ROS2-workspace/install/my_pkg/share/my_pkg/environment/ament_prefix_path.dsv
[2.946s] -- Installing: /home/ahmed/projects/ROS2/workspace-project/ROS2-workspace/install/my_pkg/share/my_pkg/environment/path.sh
[2.946s] -- Installing: /home/ahmed/projects/ROS2/workspace-project/ROS2-workspace/install/my_pkg/share/my_pkg/environment/path.dsv
[2.946s] -- Installing: /home/ahmed/projects/ROS2/workspace-project/ROS2-workspace/install/my_pkg/share/my_pkg/local_setup.bash
[2.946s] -- Installing: /home/ahmed/projects/ROS2/workspace-project/ROS2-workspace/install/my_pkg/share/my_pkg/local_setup.sh
[2.946s] -- Installing: /home/ahmed/projects/ROS2/workspace-project/ROS2-workspace/install/my_pkg/share/my_pkg/local_setup.zsh
[2.947s] -- Installing: /home/ahmed/projects/ROS2/workspace-project/ROS2-workspace/install/my_pkg/share/my_pkg/local_setup.dsv
[2.947s] -- Installing: /home/ahmed/projects/ROS2/workspace-project/ROS2-workspace/install/my_pkg/share/my_pkg/package.dsv
[2.947s] -- Installing: /home/ahmed/projects/ROS2/workspace-project/ROS2-workspace/install/my_pkg/share/ament_index/resource_index/packages/my_pkg
[2.947s] -- Installing: /home/ahmed/projects/ROS2/workspace-project/ROS2-workspace/install/my_pkg/share/my_pkg/cmake/my_pkgConfig.cmake
[2.947s] -- Installing: /home/ahmed/projects/ROS2/workspace-project/ROS2-workspace/install/my_pkg/share/my_pkg/cmake/my_pkgConfig-version.cmake
[2.947s] -- Installing: /home/ahmed/projects/ROS2/workspace-project/ROS2-workspace/install/my_pkg/share/my_pkg/package.xml
[2.950s] Invoked command in '/home/ahmed/projects/ROS2/workspace-project/ROS2-workspace/build/my_pkg' returned '0': CMAKE_PREFIX_PATH=/opt/ros/humble /usr/bin/cmake --install /home/ahmed/projects/ROS2/workspace-project/ROS2-workspace/build/my_pkg
