[0.015s] Invoking command in '/home/ahmed/projects/ROS2/workspace-project/ROS2-workspace/build/my_pkg': CMAKE_PREFIX_PATH=${CMAKE_PREFIX_PATH}:/opt/ros/humble /usr/bin/cmake --build /home/ahmed/projects/ROS2/workspace-project/ROS2-workspace/build/my_pkg -- -j16 -l16
[0.064s] [35m[1mConsolidate compiler generated dependencies of target welcome_node[0m
[0.087s] [ 50%] [32mBuilding CXX object CMakeFiles/welcome_node.dir/src/simple_welcome_node.cpp.o[0m
[2.097s] [01m[K/home/ahmed/projects/ROS2/workspace-project/ROS2-workspace/src/my_pkg/src/simple_welcome_node.cpp:[m[K In function ‘[01m[Kint[01;32m[K main[m[K(int, char**)[m[K’:
[2.097s] [01m[K/home/ahmed/projects/ROS2/workspace-project/ROS2-workspace/src/my_pkg/src/simple_welcome_node.cpp:21:14:[m[K [01;35m[Kwarning: [m[Kunused parameter ‘[01m[Kargc[m[K’ [[01;35m[K]8;;https://gcc.gnu.org/onlinedocs/gcc/Warning-Options.html#index-Wunused-parameter-Wunused-parameter]8;;[m[K]
[2.098s]    21 | int main([01;35m[Kint argc[m[K, char **argv)
[2.098s]       |          [01;35m[K~~~~^~~~[m[K
[2.098s] [01m[K/home/ahmed/projects/ROS2/workspace-project/ROS2-workspace/src/my_pkg/src/simple_welcome_node.cpp:21:27:[m[K [01;35m[Kwarning: [m[Kunused parameter ‘[01m[Kargv[m[K’ [[01;35m[K]8;;https://gcc.gnu.org/onlinedocs/gcc/Warning-Options.html#index-Wunused-parameter-Wunused-parameter]8;;[m[K]
[2.098s]    21 | int main(int argc, [01;35m[Kchar **argv[m[K)
[2.098s]       |                    [01;35m[K~~~~~~~^~~~[m[K
[3.003s] [100%] [32m[1mLinking CXX executable welcome_node[0m
[3.155s] [100%] Built target welcome_node
[3.169s] Invoked command in '/home/ahmed/projects/ROS2/workspace-project/ROS2-workspace/build/my_pkg' returned '0': CMAKE_PREFIX_PATH=${CMAKE_PREFIX_PATH}:/opt/ros/humble /usr/bin/cmake --build /home/ahmed/projects/ROS2/workspace-project/ROS2-workspace/build/my_pkg -- -j16 -l16
[3.215s] Invoking command in '/home/ahmed/projects/ROS2/workspace-project/ROS2-workspace/build/my_pkg': CMAKE_PREFIX_PATH=${CMAKE_PREFIX_PATH}:/opt/ros/humble /usr/bin/cmake --install /home/ahmed/projects/ROS2/workspace-project/ROS2-workspace/build/my_pkg
[3.223s] -- Install configuration: "RelWithDebInfo"
[3.223s] -- Execute custom install script
[3.223s] -- Up-to-date symlink: /home/ahmed/projects/ROS2/workspace-project/ROS2-workspace/install/my_pkg/lib/my_pkg/welcome_node
[3.224s] -- Up-to-date symlink: /home/ahmed/projects/ROS2/workspace-project/ROS2-workspace/install/my_pkg/share/ament_index/resource_index/package_run_dependencies/my_pkg
[3.224s] -- Up-to-date symlink: /home/ahmed/projects/ROS2/workspace-project/ROS2-workspace/install/my_pkg/share/ament_index/resource_index/parent_prefix_path/my_pkg
[3.224s] -- Up-to-date symlink: /home/ahmed/projects/ROS2/workspace-project/ROS2-workspace/install/my_pkg/share/my_pkg/environment/ament_prefix_path.sh
[3.224s] -- Up-to-date symlink: /home/ahmed/projects/ROS2/workspace-project/ROS2-workspace/install/my_pkg/share/my_pkg/environment/ament_prefix_path.dsv
[3.224s] -- Up-to-date symlink: /home/ahmed/projects/ROS2/workspace-project/ROS2-workspace/install/my_pkg/share/my_pkg/environment/path.sh
[3.224s] -- Up-to-date symlink: /home/ahmed/projects/ROS2/workspace-project/ROS2-workspace/install/my_pkg/share/my_pkg/environment/path.dsv
[3.225s] -- Up-to-date symlink: /home/ahmed/projects/ROS2/workspace-project/ROS2-workspace/install/my_pkg/share/my_pkg/local_setup.bash
[3.225s] -- Up-to-date symlink: /home/ahmed/projects/ROS2/workspace-project/ROS2-workspace/install/my_pkg/share/my_pkg/local_setup.sh
[3.225s] -- Up-to-date symlink: /home/ahmed/projects/ROS2/workspace-project/ROS2-workspace/install/my_pkg/share/my_pkg/local_setup.zsh
[3.225s] -- Up-to-date symlink: /home/ahmed/projects/ROS2/workspace-project/ROS2-workspace/install/my_pkg/share/my_pkg/local_setup.dsv
[3.225s] -- Symlinking: /home/ahmed/projects/ROS2/workspace-project/ROS2-workspace/install/my_pkg/share/my_pkg/package.dsv
[3.236s] -- Up-to-date symlink: /home/ahmed/projects/ROS2/workspace-project/ROS2-workspace/install/my_pkg/share/ament_index/resource_index/packages/my_pkg
[3.237s] -- Up-to-date symlink: /home/ahmed/projects/ROS2/workspace-project/ROS2-workspace/install/my_pkg/share/my_pkg/cmake/my_pkgConfig.cmake
[3.237s] -- Up-to-date symlink: /home/ahmed/projects/ROS2/workspace-project/ROS2-workspace/install/my_pkg/share/my_pkg/cmake/my_pkgConfig-version.cmake
[3.237s] -- Up-to-date symlink: /home/ahmed/projects/ROS2/workspace-project/ROS2-workspace/install/my_pkg/share/my_pkg/package.xml
[3.239s] Invoked command in '/home/ahmed/projects/ROS2/workspace-project/ROS2-workspace/build/my_pkg' returned '0': CMAKE_PREFIX_PATH=${CMAKE_PREFIX_PATH}:/opt/ros/humble /usr/bin/cmake --install /home/ahmed/projects/ROS2/workspace-project/ROS2-workspace/build/my_pkg
