[35m[1mConsolidate compiler generated dependencies of target welcome_node[0m
[ 50%] [32mBuilding CXX object CMakeFiles/welcome_node.dir/src/simple_welcome_node.cpp.o[0m
In file included from [01m[K/opt/ros/humble/include/rclcpp/rclcpp/logging.hpp:24[m[K,
                 from [01m[K/opt/ros/humble/include/rclcpp/rclcpp/client.hpp:40[m[K,
                 from [01m[K/opt/ros/humble/include/rclcpp/rclcpp/callback_group.hpp:24[m[K,
                 from [01m[K/opt/ros/humble/include/rclcpp/rclcpp/any_executable.hpp:20[m[K,
                 from [01m[K/opt/ros/humble/include/rclcpp/rclcpp/memory_strategy.hpp:25[m[K,
                 from [01m[K/opt/ros/humble/include/rclcpp/rclcpp/memory_strategies.hpp:18[m[K,
                 from [01m[K/opt/ros/humble/include/rclcpp/rclcpp/executor_options.hpp:20[m[K,
                 from [01m[K/opt/ros/humble/include/rclcpp/rclcpp/executor.hpp:37[m[K,
                 from [01m[K/opt/ros/humble/include/rclcpp/rclcpp/executors/multi_threaded_executor.hpp:25[m[K,
                 from [01m[K/opt/ros/humble/include/rclcpp/rclcpp/executors.hpp:21[m[K,
                 from [01m[K/opt/ros/humble/include/rclcpp/rclcpp/rclcpp.hpp:155[m[K,
                 from [01m[K/home/ahmed/projects/ROS2/workspace-project/ROS2-workspace/src/my_pkg/src/simple_welcome_node.cpp:1[m[K:
[01m[K/home/ahmed/projects/ROS2/workspace-project/ROS2-workspace/src/my_pkg/src/simple_welcome_node.cpp:[m[K In constructor ‘[01m[KMyNode::[01;32m[KMyNode[m[K()[m[K’:
[01m[K/home/ahmed/projects/ROS2/workspace-project/ROS2-workspace/src/my_pkg/src/simple_welcome_node.cpp:16:45:[m[K [01;35m[Kwarning: [m[Kformat ‘[01m[K%s[m[K’ expects argument of type ‘[01m[Kchar*[m[K’, but argument 5 has type ‘[01m[Kstd::string[m[K’ {aka ‘[01m[Kstd::__cxx11::basic_string<char>[m[K’} [[01;35m[K]8;;https://gcc.gnu.org/onlinedocs/gcc/Warning-Options.html#index-Wformat=-Wformat=]8;;[m[K]
   16 |             RCLCPP_INFO(this->get_logger(), [01;35m[K"%s"[m[K, stream);
      |                                             [01;35m[K^~~~[m[K
[01m[K/home/ahmed/projects/ROS2/workspace-project/ROS2-workspace/src/my_pkg/src/simple_welcome_node.cpp:16:47:[m[K [01;36m[Knote: [m[Kformat string is defined here
   16 |             RCLCPP_INFO(this->get_logger(), "[01;36m[K%s[m[K", stream);
      |                                              [01;36m[K~^[m[K
      |                                               [01;36m[K|[m[K
      |                                               [01;36m[Kchar*[m[K
[100%] [32m[1mLinking CXX executable welcome_node[0m
[100%] Built target welcome_node
-- Install configuration: "RelWithDebInfo"
-- Execute custom install script
-- Up-to-date symlink: /home/ahmed/projects/ROS2/workspace-project/ROS2-workspace/install/my_pkg/lib/my_pkg/welcome_node
-- Up-to-date symlink: /home/ahmed/projects/ROS2/workspace-project/ROS2-workspace/install/my_pkg/share/ament_index/resource_index/package_run_dependencies/my_pkg
-- Up-to-date symlink: /home/ahmed/projects/ROS2/workspace-project/ROS2-workspace/install/my_pkg/share/ament_index/resource_index/parent_prefix_path/my_pkg
-- Up-to-date symlink: /home/ahmed/projects/ROS2/workspace-project/ROS2-workspace/install/my_pkg/share/my_pkg/environment/ament_prefix_path.sh
-- Up-to-date symlink: /home/ahmed/projects/ROS2/workspace-project/ROS2-workspace/install/my_pkg/share/my_pkg/environment/ament_prefix_path.dsv
-- Up-to-date symlink: /home/ahmed/projects/ROS2/workspace-project/ROS2-workspace/install/my_pkg/share/my_pkg/environment/path.sh
-- Up-to-date symlink: /home/ahmed/projects/ROS2/workspace-project/ROS2-workspace/install/my_pkg/share/my_pkg/environment/path.dsv
-- Up-to-date symlink: /home/ahmed/projects/ROS2/workspace-project/ROS2-workspace/install/my_pkg/share/my_pkg/local_setup.bash
-- Up-to-date symlink: /home/ahmed/projects/ROS2/workspace-project/ROS2-workspace/install/my_pkg/share/my_pkg/local_setup.sh
-- Up-to-date symlink: /home/ahmed/projects/ROS2/workspace-project/ROS2-workspace/install/my_pkg/share/my_pkg/local_setup.zsh
-- Up-to-date symlink: /home/ahmed/projects/ROS2/workspace-project/ROS2-workspace/install/my_pkg/share/my_pkg/local_setup.dsv
-- Symlinking: /home/ahmed/projects/ROS2/workspace-project/ROS2-workspace/install/my_pkg/share/my_pkg/package.dsv
-- Up-to-date symlink: /home/ahmed/projects/ROS2/workspace-project/ROS2-workspace/install/my_pkg/share/ament_index/resource_index/packages/my_pkg
-- Up-to-date symlink: /home/ahmed/projects/ROS2/workspace-project/ROS2-workspace/install/my_pkg/share/my_pkg/cmake/my_pkgConfig.cmake
-- Up-to-date symlink: /home/ahmed/projects/ROS2/workspace-project/ROS2-workspace/install/my_pkg/share/my_pkg/cmake/my_pkgConfig-version.cmake
-- Up-to-date symlink: /home/ahmed/projects/ROS2/workspace-project/ROS2-workspace/install/my_pkg/share/my_pkg/package.xml
