[0.010s] Invoking command in '/home/ahmed/projects/ROS2/workspace-project/ROS2-workspace/build/my_pkg': CMAKE_PREFIX_PATH=${CMAKE_PREFIX_PATH}:/opt/ros/humble /usr/bin/cmake --build /home/ahmed/projects/ROS2/workspace-project/ROS2-workspace/build/my_pkg -- -j16 -l16
[0.034s] -- Found ament_cmake: 1.3.8 (/opt/ros/humble/share/ament_cmake/cmake)
[0.146s] -- Found rclcpp: 16.0.8 (/opt/ros/humble/share/rclcpp/cmake)
[0.170s] -- Found rosidl_generator_c: 3.1.5 (/opt/ros/humble/share/rosidl_generator_c/cmake)
[0.172s] -- Found rosidl_adapter: 3.1.5 (/opt/ros/humble/share/rosidl_adapter/cmake)
[0.177s] -- Found rosidl_generator_cpp: 3.1.5 (/opt/ros/humble/share/rosidl_generator_cpp/cmake)
[0.187s] -- Using all available rosidl_typesupport_c: rosidl_typesupport_fastrtps_c;rosidl_typesupport_introspection_c
[0.200s] -- Using all available rosidl_typesupport_cpp: rosidl_typesupport_fastrtps_cpp;rosidl_typesupport_introspection_cpp
[0.250s] -- Found rmw_implementation_cmake: 6.1.1 (/opt/ros/humble/share/rmw_implementation_cmake/cmake)
[0.251s] -- Found rmw_fastrtps_cpp: 6.2.6 (/opt/ros/humble/share/rmw_fastrtps_cpp/cmake)
[0.364s] -- Using RMW implementation 'rmw_fastrtps_cpp' as default
[0.554s] -- Configuring done
[0.562s] -- Generating done
[0.563s] -- Build files have been written to: /home/ahmed/projects/ROS2/workspace-project/ROS2-workspace/build/my_pkg
[0.589s] [35m[1mConsolidate compiler generated dependencies of target welcome_node[0m
[0.613s] [100%] Built target welcome_node
[0.626s] Invoked command in '/home/ahmed/projects/ROS2/workspace-project/ROS2-workspace/build/my_pkg' returned '0': CMAKE_PREFIX_PATH=${CMAKE_PREFIX_PATH}:/opt/ros/humble /usr/bin/cmake --build /home/ahmed/projects/ROS2/workspace-project/ROS2-workspace/build/my_pkg -- -j16 -l16
[0.666s] Invoking command in '/home/ahmed/projects/ROS2/workspace-project/ROS2-workspace/build/my_pkg': CMAKE_PREFIX_PATH=${CMAKE_PREFIX_PATH}:/opt/ros/humble /usr/bin/cmake --install /home/ahmed/projects/ROS2/workspace-project/ROS2-workspace/build/my_pkg
[0.674s] -- Install configuration: ""
[0.674s] -- Up-to-date: /home/ahmed/projects/ROS2/workspace-project/ROS2-workspace/install/my_pkg/lib/$(PROJECT_NAME)/welcome_node
[0.674s] -- Up-to-date: /home/ahmed/projects/ROS2/workspace-project/ROS2-workspace/install/my_pkg/share/ament_index/resource_index/package_run_dependencies/my_pkg
[0.674s] -- Installing: /home/ahmed/projects/ROS2/workspace-project/ROS2-workspace/install/my_pkg/share/ament_index/resource_index/parent_prefix_path/my_pkg
[0.674s] -- Up-to-date: /home/ahmed/projects/ROS2/workspace-project/ROS2-workspace/install/my_pkg/share/my_pkg/environment/ament_prefix_path.sh
[0.674s] -- Installing: /home/ahmed/projects/ROS2/workspace-project/ROS2-workspace/install/my_pkg/share/my_pkg/environment/ament_prefix_path.dsv
[0.674s] -- Up-to-date: /home/ahmed/projects/ROS2/workspace-project/ROS2-workspace/install/my_pkg/share/my_pkg/environment/path.sh
[0.675s] -- Installing: /home/ahmed/projects/ROS2/workspace-project/ROS2-workspace/install/my_pkg/share/my_pkg/environment/path.dsv
[0.675s] -- Up-to-date: /home/ahmed/projects/ROS2/workspace-project/ROS2-workspace/install/my_pkg/share/my_pkg/local_setup.bash
[0.675s] -- Up-to-date: /home/ahmed/projects/ROS2/workspace-project/ROS2-workspace/install/my_pkg/share/my_pkg/local_setup.sh
[0.675s] -- Up-to-date: /home/ahmed/projects/ROS2/workspace-project/ROS2-workspace/install/my_pkg/share/my_pkg/local_setup.zsh
[0.675s] -- Installing: /home/ahmed/projects/ROS2/workspace-project/ROS2-workspace/install/my_pkg/share/my_pkg/local_setup.dsv
[0.675s] -- Installing: /home/ahmed/projects/ROS2/workspace-project/ROS2-workspace/install/my_pkg/share/my_pkg/package.dsv
[0.675s] -- Up-to-date: /home/ahmed/projects/ROS2/workspace-project/ROS2-workspace/install/my_pkg/share/ament_index/resource_index/packages/my_pkg
[0.676s] -- Up-to-date: /home/ahmed/projects/ROS2/workspace-project/ROS2-workspace/install/my_pkg/share/my_pkg/cmake/my_pkgConfig.cmake
[0.676s] -- Up-to-date: /home/ahmed/projects/ROS2/workspace-project/ROS2-workspace/install/my_pkg/share/my_pkg/cmake/my_pkgConfig-version.cmake
[0.676s] -- Up-to-date: /home/ahmed/projects/ROS2/workspace-project/ROS2-workspace/install/my_pkg/share/my_pkg/package.xml
[0.679s] Invoked command in '/home/ahmed/projects/ROS2/workspace-project/ROS2-workspace/build/my_pkg' returned '0': CMAKE_PREFIX_PATH=${CMAKE_PREFIX_PATH}:/opt/ros/humble /usr/bin/cmake --install /home/ahmed/projects/ROS2/workspace-project/ROS2-workspace/build/my_pkg
