[0.009s] Invoking command in '/home/ahmed/projects/ROS2/workspace-project/ROS2-workspace/src/my_pkg/build/my_pkg': CMAKE_PREFIX_PATH=/opt/ros/humble /usr/bin/cmake --build /home/ahmed/projects/ROS2/workspace-project/ROS2-workspace/src/my_pkg/build/my_pkg -- -j16 -l16
[0.051s] Invoked command in '/home/ahmed/projects/ROS2/workspace-project/ROS2-workspace/src/my_pkg/build/my_pkg' returned '0': CMAKE_PREFIX_PATH=/opt/ros/humble /usr/bin/cmake --build /home/ahmed/projects/ROS2/workspace-project/ROS2-workspace/src/my_pkg/build/my_pkg -- -j16 -l16
[0.083s] Invoking command in '/home/ahmed/projects/ROS2/workspace-project/ROS2-workspace/src/my_pkg/build/my_pkg': CMAKE_PREFIX_PATH=/opt/ros/humble /usr/bin/cmake --install /home/ahmed/projects/ROS2/workspace-project/ROS2-workspace/src/my_pkg/build/my_pkg
[0.091s] -- Install configuration: ""
[0.091s] -- Up-to-date: /home/ahmed/projects/ROS2/workspace-project/ROS2-workspace/src/my_pkg/install/my_pkg/share/ament_index/resource_index/package_run_dependencies/my_pkg
[0.091s] -- Up-to-date: /home/ahmed/projects/ROS2/workspace-project/ROS2-workspace/src/my_pkg/install/my_pkg/share/ament_index/resource_index/parent_prefix_path/my_pkg
[0.091s] -- Up-to-date: /home/ahmed/projects/ROS2/workspace-project/ROS2-workspace/src/my_pkg/install/my_pkg/share/my_pkg/environment/ament_prefix_path.sh
[0.091s] -- Up-to-date: /home/ahmed/projects/ROS2/workspace-project/ROS2-workspace/src/my_pkg/install/my_pkg/share/my_pkg/environment/ament_prefix_path.dsv
[0.091s] -- Up-to-date: /home/ahmed/projects/ROS2/workspace-project/ROS2-workspace/src/my_pkg/install/my_pkg/share/my_pkg/environment/path.sh
[0.091s] -- Up-to-date: /home/ahmed/projects/ROS2/workspace-project/ROS2-workspace/src/my_pkg/install/my_pkg/share/my_pkg/environment/path.dsv
[0.092s] -- Up-to-date: /home/ahmed/projects/ROS2/workspace-project/ROS2-workspace/src/my_pkg/install/my_pkg/share/my_pkg/local_setup.bash
[0.092s] -- Up-to-date: /home/ahmed/projects/ROS2/workspace-project/ROS2-workspace/src/my_pkg/install/my_pkg/share/my_pkg/local_setup.sh
[0.092s] -- Up-to-date: /home/ahmed/projects/ROS2/workspace-project/ROS2-workspace/src/my_pkg/install/my_pkg/share/my_pkg/local_setup.zsh
[0.092s] -- Up-to-date: /home/ahmed/projects/ROS2/workspace-project/ROS2-workspace/src/my_pkg/install/my_pkg/share/my_pkg/local_setup.dsv
[0.092s] -- Up-to-date: /home/ahmed/projects/ROS2/workspace-project/ROS2-workspace/src/my_pkg/install/my_pkg/share/my_pkg/package.dsv
[0.092s] -- Up-to-date: /home/ahmed/projects/ROS2/workspace-project/ROS2-workspace/src/my_pkg/install/my_pkg/share/ament_index/resource_index/packages/my_pkg
[0.092s] -- Up-to-date: /home/ahmed/projects/ROS2/workspace-project/ROS2-workspace/src/my_pkg/install/my_pkg/share/my_pkg/cmake/my_pkgConfig.cmake
[0.092s] -- Up-to-date: /home/ahmed/projects/ROS2/workspace-project/ROS2-workspace/src/my_pkg/install/my_pkg/share/my_pkg/cmake/my_pkgConfig-version.cmake
[0.092s] -- Up-to-date: /home/ahmed/projects/ROS2/workspace-project/ROS2-workspace/src/my_pkg/install/my_pkg/share/my_pkg/package.xml
[0.093s] Invoked command in '/home/ahmed/projects/ROS2/workspace-project/ROS2-workspace/src/my_pkg/build/my_pkg' returned '0': CMAKE_PREFIX_PATH=/opt/ros/humble /usr/bin/cmake --install /home/ahmed/projects/ROS2/workspace-project/ROS2-workspace/src/my_pkg/build/my_pkg
