[0.007s] Invoking command in '/home/ahmed/projects/ROS2/workspace-project/ROS2-workspace/src/my_pkg/build/my_pkg': CMAKE_PREFIX_PATH=/opt/ros/humble /usr/bin/cmake /home/ahmed/projects/ROS2/workspace-project/ROS2-workspace/src/my_pkg -DCMAKE_INSTALL_PREFIX=/home/ahmed/projects/ROS2/workspace-project/ROS2-workspace/src/my_pkg/install/my_pkg
[0.111s] -- The C compiler identification is GNU 13.1.0
[0.199s] -- The CXX compiler identification is GNU 13.1.0
[0.207s] -- Detecting C compiler ABI info
[0.284s] -- Detecting C compiler ABI info - done
[0.290s] -- Check for working C compiler: /usr/bin/cc - skipped
[0.291s] -- Detecting C compile features
[0.291s] -- Detecting C compile features - done
[0.293s] -- Detecting CXX compiler ABI info
[0.377s] -- Detecting CXX compiler ABI info - done
[0.383s] -- Check for working CXX compiler: /usr/bin/c++ - skipped
[0.384s] -- Detecting CXX compile features
[0.384s] -- Detecting CXX compile features - done
[0.386s] -- Found ament_cmake: 1.3.8 (/opt/ros/humble/share/ament_cmake/cmake)
[0.516s] -- Found Python3: /usr/bin/python3 (found version "3.10.12") found components: Interpreter 
[0.592s] -- Found rclcpp: 16.0.8 (/opt/ros/humble/share/rclcpp/cmake)
[0.625s] -- Found rosidl_generator_c: 3.1.5 (/opt/ros/humble/share/rosidl_generator_c/cmake)
[0.629s] -- Found rosidl_adapter: 3.1.5 (/opt/ros/humble/share/rosidl_adapter/cmake)
[0.636s] -- Found rosidl_generator_cpp: 3.1.5 (/opt/ros/humble/share/rosidl_generator_cpp/cmake)
[0.647s] -- Using all available rosidl_typesupport_c: rosidl_typesupport_fastrtps_c;rosidl_typesupport_introspection_c
[0.663s] -- Using all available rosidl_typesupport_cpp: rosidl_typesupport_fastrtps_cpp;rosidl_typesupport_introspection_cpp
[0.719s] -- Found rmw_implementation_cmake: 6.1.1 (/opt/ros/humble/share/rmw_implementation_cmake/cmake)
[0.721s] -- Found rmw_fastrtps_cpp: 6.2.6 (/opt/ros/humble/share/rmw_fastrtps_cpp/cmake)
[0.839s] -- Found OpenSSL: /usr/lib/x86_64-linux-gnu/libcrypto.so (found version "3.0.2")  
[0.870s] -- Found FastRTPS: /opt/ros/humble/include  
[0.916s] -- Using RMW implementation 'rmw_fastrtps_cpp' as default
[0.923s] -- Looking for pthread.h
[1.002s] -- Looking for pthread.h - found
[1.002s] -- Performing Test CMAKE_HAVE_LIBC_PTHREAD
[1.086s] -- Performing Test CMAKE_HAVE_LIBC_PTHREAD - Success
[1.087s] -- Found Threads: TRUE  
[1.218s] -- Found ament_lint_auto: 0.12.10 (/opt/ros/humble/share/ament_lint_auto/cmake)
[1.288s] -- Added test 'cppcheck' to perform static code analysis on C / C++ code
[1.288s] -- Configured cppcheck include dirs: 
[1.288s] -- Configured cppcheck exclude dirs and/or files: 
[1.290s] -- Added test 'lint_cmake' to check CMake code style
[1.297s] -- Added test 'uncrustify' to check C / C++ code style
[1.297s] -- Configured uncrustify additional arguments: 
[1.297s] -- Added test 'xmllint' to check XML markup files
[1.299s] -- Configuring done
[1.303s] -- Generating done
[1.305s] -- Build files have been written to: /home/ahmed/projects/ROS2/workspace-project/ROS2-workspace/src/my_pkg/build/my_pkg
[1.314s] Invoked command in '/home/ahmed/projects/ROS2/workspace-project/ROS2-workspace/src/my_pkg/build/my_pkg' returned '0': CMAKE_PREFIX_PATH=/opt/ros/humble /usr/bin/cmake /home/ahmed/projects/ROS2/workspace-project/ROS2-workspace/src/my_pkg -DCMAKE_INSTALL_PREFIX=/home/ahmed/projects/ROS2/workspace-project/ROS2-workspace/src/my_pkg/install/my_pkg
[1.316s] Invoking command in '/home/ahmed/projects/ROS2/workspace-project/ROS2-workspace/src/my_pkg/build/my_pkg': CMAKE_PREFIX_PATH=/opt/ros/humble /usr/bin/cmake --build /home/ahmed/projects/ROS2/workspace-project/ROS2-workspace/src/my_pkg/build/my_pkg -- -j16 -l16
[1.357s] Invoked command in '/home/ahmed/projects/ROS2/workspace-project/ROS2-workspace/src/my_pkg/build/my_pkg' returned '0': CMAKE_PREFIX_PATH=/opt/ros/humble /usr/bin/cmake --build /home/ahmed/projects/ROS2/workspace-project/ROS2-workspace/src/my_pkg/build/my_pkg -- -j16 -l16
[1.394s] Invoking command in '/home/ahmed/projects/ROS2/workspace-project/ROS2-workspace/src/my_pkg/build/my_pkg': CMAKE_PREFIX_PATH=/opt/ros/humble /usr/bin/cmake --install /home/ahmed/projects/ROS2/workspace-project/ROS2-workspace/src/my_pkg/build/my_pkg
[1.401s] -- Install configuration: ""
[1.402s] -- Installing: /home/ahmed/projects/ROS2/workspace-project/ROS2-workspace/src/my_pkg/install/my_pkg/share/ament_index/resource_index/package_run_dependencies/my_pkg
[1.402s] -- Installing: /home/ahmed/projects/ROS2/workspace-project/ROS2-workspace/src/my_pkg/install/my_pkg/share/ament_index/resource_index/parent_prefix_path/my_pkg
[1.402s] -- Installing: /home/ahmed/projects/ROS2/workspace-project/ROS2-workspace/src/my_pkg/install/my_pkg/share/my_pkg/environment/ament_prefix_path.sh
[1.402s] -- Installing: /home/ahmed/projects/ROS2/workspace-project/ROS2-workspace/src/my_pkg/install/my_pkg/share/my_pkg/environment/ament_prefix_path.dsv
[1.402s] -- Installing: /home/ahmed/projects/ROS2/workspace-project/ROS2-workspace/src/my_pkg/install/my_pkg/share/my_pkg/environment/path.sh
[1.402s] -- Installing: /home/ahmed/projects/ROS2/workspace-project/ROS2-workspace/src/my_pkg/install/my_pkg/share/my_pkg/environment/path.dsv
[1.403s] -- Installing: /home/ahmed/projects/ROS2/workspace-project/ROS2-workspace/src/my_pkg/install/my_pkg/share/my_pkg/local_setup.bash
[1.403s] -- Installing: /home/ahmed/projects/ROS2/workspace-project/ROS2-workspace/src/my_pkg/install/my_pkg/share/my_pkg/local_setup.sh
[1.403s] -- Installing: /home/ahmed/projects/ROS2/workspace-project/ROS2-workspace/src/my_pkg/install/my_pkg/share/my_pkg/local_setup.zsh
[1.403s] -- Installing: /home/ahmed/projects/ROS2/workspace-project/ROS2-workspace/src/my_pkg/install/my_pkg/share/my_pkg/local_setup.dsv
[1.403s] -- Installing: /home/ahmed/projects/ROS2/workspace-project/ROS2-workspace/src/my_pkg/install/my_pkg/share/my_pkg/package.dsv
[1.403s] -- Installing: /home/ahmed/projects/ROS2/workspace-project/ROS2-workspace/src/my_pkg/install/my_pkg/share/ament_index/resource_index/packages/my_pkg
[1.403s] -- Installing: /home/ahmed/projects/ROS2/workspace-project/ROS2-workspace/src/my_pkg/install/my_pkg/share/my_pkg/cmake/my_pkgConfig.cmake
[1.403s] -- Installing: /home/ahmed/projects/ROS2/workspace-project/ROS2-workspace/src/my_pkg/install/my_pkg/share/my_pkg/cmake/my_pkgConfig-version.cmake
[1.403s] -- Installing: /home/ahmed/projects/ROS2/workspace-project/ROS2-workspace/src/my_pkg/install/my_pkg/share/my_pkg/package.xml
[1.405s] Invoked command in '/home/ahmed/projects/ROS2/workspace-project/ROS2-workspace/src/my_pkg/build/my_pkg' returned '0': CMAKE_PREFIX_PATH=/opt/ros/humble /usr/bin/cmake --install /home/ahmed/projects/ROS2/workspace-project/ROS2-workspace/src/my_pkg/build/my_pkg
