[0.000000] (-) TimerEvent: {}
[0.000866] (my_pkg) JobQueued: {'identifier': 'my_pkg', 'dependencies': OrderedDict()}
[0.000900] (my_pkg) JobStarted: {'identifier': 'my_pkg'}
[0.008662] (my_pkg) JobProgress: {'identifier': 'my_pkg', 'progress': 'cmake'}
[0.009290] (my_pkg) Command: {'cmd': ['/usr/bin/cmake', '/home/ahmed/projects/ROS2/workspace-project/ROS2-workspace/src/my_pkg', '-DCMAKE_BUILD_TYPE=RelWithDebInfo', '-DAMENT_CMAKE_SYMLINK_INSTALL=1', '-DCMAKE_INSTALL_PREFIX=/home/ahmed/projects/ROS2/workspace-project/ROS2-workspace/install/my_pkg'], 'cwd': '/home/ahmed/projects/ROS2/workspace-project/ROS2-workspace/build/my_pkg', 'env': OrderedDict([('GJS_DEBUG_TOPICS', 'JS ERROR;JS LOG'), ('VSCODE_CWD', '/home/ahmed'), ('USER', 'ahmed'), ('LC_TIME', 'en_US.UTF-8'), ('SNAP_COMMON', '/var/snap/code/common'), ('VSCODE_NLS_CONFIG', '{"locale":"en-us","osLocale":"en-us","availableLanguages":{},"_languagePackSupport":true}'), ('GIO_MODULE_DIR', '/home/ahmed/snap/code/common/.cache/gio-modules'), ('VSCODE_HANDLES_UNCAUGHT_ERRORS', 'true'), ('XDG_SESSION_TYPE', 'wayland'), ('GTK_EXE_PREFIX_VSCODE_SNAP_ORIG', ''), ('GIT_ASKPASS', '/snap/code/157/usr/share/code/resources/app/extensions/git/dist/askpass.sh'), ('GDK_BACKEND_VSCODE_SNAP_ORIG', ''), ('SHLVL', '0'), ('LD_LIBRARY_PATH', '/opt/ros/humble/opt/rviz_ogre_vendor/lib:/opt/ros/humble/lib/x86_64-linux-gnu:/opt/ros/humble/lib'), ('SNAP_UID', '1000'), ('HOME', '/home/ahmed'), ('LOCPATH_VSCODE_SNAP_ORIG', ''), ('OLDPWD', '/home/ahmed/projects/ROS2/workspace-project/ROS2-workspace'), ('CHROME_DESKTOP', 'code-url-handler.desktop'), ('LESS', '-R'), ('SNAP_LIBRARY_PATH', '/var/lib/snapd/lib/gl:/var/lib/snapd/lib/gl32:/var/lib/snapd/void'), ('DESKTOP_SESSION', 'ubuntu'), ('GTK_PATH', '/snap/code/157/usr/lib/x86_64-linux-gnu/gtk-3.0'), ('SNAP_USER_DATA', '/home/ahmed/snap/code/157'), ('TERM_PROGRAM_VERSION', '1.88.1'), ('GTK_IM_MODULE_FILE', '/home/ahmed/snap/code/common/.cache/immodules/immodules.cache'), ('GIO_LAUNCHED_DESKTOP_FILE', '/var/lib/snapd/desktop/applications/code_code.desktop'), ('ZSH', '/home/ahmed/.oh-my-zsh'), ('LSCOLORS', 'Gxfxcxdxbxegedabagacad'), ('VSCODE_IPC_HOOK', '/run/user/1000/vscode-d15692bc-1.88-main.sock'), ('GNOME_SHELL_SESSION_MODE', 'ubuntu'), ('GTK_MODULES', 'gail:atk-bridge'), ('GSETTINGS_SCHEMA_DIR_VSCODE_SNAP_ORIG', ''), ('PAGER', 'less'), ('ROS_PYTHON_VERSION', '3'), ('APPLICATION_INSIGHTS_NO_DIAGNOSTIC_CHANNEL', '1'), ('VSCODE_GIT_ASKPASS_MAIN', '/snap/code/157/usr/share/code/resources/app/extensions/git/dist/askpass-main.js'), ('LC_MONETARY', 'en_US.UTF-8'), ('MANAGERPID', '1576'), ('VSCODE_GIT_ASKPASS_NODE', '/snap/code/157/usr/share/code/code'), ('SYSTEMD_EXEC_PID', '1727'), ('DBUS_SESSION_BUS_ADDRESS', 'unix:path=/run/user/1000/bus'), ('GIO_LAUNCHED_DESKTOP_FILE_PID', '4836'), ('SNAP_REVISION', '157'), ('COLORTERM', 'truecolor'), ('VSCODE_CRASH_REPORTER_PROCESS_TYPE', 'extensionHost'), ('WAYLAND_DISPLAY', 'wayland-0'), ('ROS_DISTRO', 'humble'), ('COLCON_PREFIX_PATH', '/home/ahmed/projects/ROS2/workspace-project/ROS2-workspace/install'), ('VSCODE_L10N_BUNDLE_LOCATION', ''), ('LOGNAME', 'ahmed'), ('JOURNAL_STREAM', '8:25943'), ('_', '/usr/bin/colcon'), ('SNAP_CONTEXT', 'm2Cu0vsbbo3eI__ThliLlzi1AU4TAPBL8ruQWg1Itf3bno2g71jt'), ('XDG_CONFIG_DIRS_VSCODE_SNAP_ORIG', ''), ('XDG_SESSION_CLASS', 'user'), ('XDG_DATA_DIRS_VSCODE_SNAP_ORIG', '/usr/local/share/:/usr/share/:/var/lib/snapd/desktop'), ('ROS_VERSION', '2'), ('SNAP_VERSION', 'e170252f'), ('USERNAME', 'ahmed'), ('TERM', 'xterm-256color'), ('GNOME_DESKTOP_SESSION_ID', 'this-is-deprecated'), ('ROS_LOCALHOST_ONLY', '0'), ('SNAP_INSTANCE_NAME', 'code'), ('PATH', '/opt/ros/humble/bin:/usr/local/sbin:/usr/local/bin:/usr/sbin:/usr/bin:/sbin:/bin:/usr/games:/usr/local/games:/snap/bin:/snap/bin'), ('SESSION_MANAGER', 'local/ahmed:@/tmp/.ICE-unix/1689,unix/ahmed:/tmp/.ICE-unix/1689'), ('GTK_EXE_PREFIX', '/snap/code/157/usr'), ('INVOCATION_ID', '5585e66754f749e3b9d7feaf92379593'), ('PAPERSIZE', 'letter'), ('VSCODE_AMD_ENTRYPOINT', 'vs/workbench/api/node/extensionHostProcess'), ('XDG_MENU_PREFIX', 'gnome-'), ('LC_ADDRESS', 'en_US.UTF-8'), ('BAMF_DESKTOP_FILE_HINT', '/var/lib/snapd/desktop/applications/code_code.desktop'), ('GNOME_SETUP_DISPLAY', ':1'), ('XDG_RUNTIME_DIR', '/run/user/1000'), ('GDK_BACKEND', 'x11'), ('SNAP_DATA', '/var/snap/code/157'), ('DISPLAY', ':0'), ('LOCPATH', '/snap/code/157/usr/lib/locale'), ('LANG', 'en_US.UTF-8'), ('XDG_CURRENT_DESKTOP', 'Unity'), ('LC_TELEPHONE', 'en_US.UTF-8'), ('GIO_MODULE_DIR_VSCODE_SNAP_ORIG', ''), ('XMODIFIERS', '@im=ibus'), ('XDG_SESSION_DESKTOP', 'ubuntu'), ('XAUTHORITY', '/run/user/1000/.mutter-Xwaylandauth.DAIGM2'), ('LS_COLORS', ''), ('TERM_PROGRAM', 'vscode'), ('VSCODE_GIT_IPC_HANDLE', '/run/user/1000/vscode-git-5306c328cd.sock'), ('SSH_AGENT_LAUNCHER', 'gnome-keyring'), ('SSH_AUTH_SOCK', '/run/user/1000/keyring/ssh'), ('GSETTINGS_SCHEMA_DIR', '/home/ahmed/snap/code/157/.local/share/glib-2.0/schemas'), ('ORIGINAL_XDG_CURRENT_DESKTOP', 'ubuntu:GNOME'), ('AMENT_PREFIX_PATH', '/home/ahmed/projects/ROS2/workspace-project/ROS2-workspace/install/my_pkg:/opt/ros/humble'), ('SNAP_USER_COMMON', '/home/ahmed/snap/code/common'), ('SNAP_ARCH', 'amd64'), ('SNAP_COOKIE', 'm2Cu0vsbbo3eI__ThliLlzi1AU4TAPBL8ruQWg1Itf3bno2g71jt'), ('SHELL', '/usr/bin/zsh'), ('LC_NAME', 'en_US.UTF-8'), ('GDK_PIXBUF_MODULEDIR', '/snap/code/157/usr/lib/x86_64-linux-gnu/gdk-pixbuf-2.0/2.10.0/loaders'), ('QT_ACCESSIBILITY', '1'), ('GDMSESSION', 'ubuntu'), ('ELECTRON_RUN_AS_NODE', '1'), ('GTK_PATH_VSCODE_SNAP_ORIG', ''), ('SNAP_NAME', 'code'), ('GTK_IM_MODULE_FILE_VSCODE_SNAP_ORIG', ''), ('LC_MEASUREMENT', 'en_US.UTF-8'), ('GJS_DEBUG_OUTPUT', 'stderr'), ('LC_IDENTIFICATION', 'en_US.UTF-8'), ('GDK_PIXBUF_MODULE_FILE', '/home/ahmed/snap/code/common/.cache/gdk-pixbuf-loaders.cache'), ('QT_IM_MODULE', 'ibus'), ('SNAP_LAUNCHER_ARCH_TRIPLET', 'x86_64-linux-gnu'), ('VSCODE_GIT_ASKPASS_EXTRA_ARGS', ''), ('PWD', '/home/ahmed/projects/ROS2/workspace-project/ROS2-workspace/build/my_pkg'), ('LC_ALL', 'en_US.UTF-8'), ('VSCODE_CLI', '1'), ('XDG_DATA_DIRS', '/usr/share/ubuntu:/home/ahmed/snap/code/157/.local/share:/home/ahmed/snap/code/157:/snap/code/157/usr/share:/usr/local/share/:/usr/share/:/var/lib/snapd/desktop'), ('XDG_CONFIG_DIRS', '/etc/xdg/xdg-ubuntu:/etc/xdg'), ('SNAP_REAL_HOME', '/home/ahmed'), ('VSCODE_CODE_CACHE_PATH', '/home/ahmed/.config/Code/CachedData/e170252f762678dec6ca2cc69aba1570769a5d39'), ('LC_NUMERIC', 'en_US.UTF-8'), ('PYTHONPATH', '/opt/ros/humble/lib/python3.10/site-packages:/opt/ros/humble/local/lib/python3.10/dist-packages'), ('SNAP_EUID', '1000'), ('SNAP', '/snap/code/157'), ('LC_PAPER', 'en_US.UTF-8'), ('COLCON', '1'), ('ELECTRON_NO_ATTACH_CONSOLE', '1'), ('CMAKE_PREFIX_PATH', '/home/ahmed/projects/ROS2/workspace-project/ROS2-workspace/install/my_pkg:/opt/ros/humble'), ('VSCODE_PID', '4890')]), 'shell': False}
[0.023757] (my_pkg) StdoutLine: {'line': b'-- Found ament_cmake: 1.3.8 (/opt/ros/humble/share/ament_cmake/cmake)\n'}
[0.099708] (-) TimerEvent: {}
[0.129519] (my_pkg) StdoutLine: {'line': b'-- Override CMake install command with custom implementation using symlinks instead of copying resources\n'}
[0.135789] (my_pkg) StdoutLine: {'line': b'-- Found rclcpp: 16.0.8 (/opt/ros/humble/share/rclcpp/cmake)\n'}
[0.164316] (my_pkg) StdoutLine: {'line': b'-- Found rosidl_generator_c: 3.1.5 (/opt/ros/humble/share/rosidl_generator_c/cmake)\n'}
[0.167432] (my_pkg) StdoutLine: {'line': b'-- Found rosidl_adapter: 3.1.5 (/opt/ros/humble/share/rosidl_adapter/cmake)\n'}
[0.173737] (my_pkg) StdoutLine: {'line': b'-- Found rosidl_generator_cpp: 3.1.5 (/opt/ros/humble/share/rosidl_generator_cpp/cmake)\n'}
[0.183622] (my_pkg) StdoutLine: {'line': b'-- Using all available rosidl_typesupport_c: rosidl_typesupport_fastrtps_c;rosidl_typesupport_introspection_c\n'}
[0.198029] (my_pkg) StdoutLine: {'line': b'-- Using all available rosidl_typesupport_cpp: rosidl_typesupport_fastrtps_cpp;rosidl_typesupport_introspection_cpp\n'}
[0.199780] (-) TimerEvent: {}
[0.247843] (my_pkg) StdoutLine: {'line': b'-- Found rmw_implementation_cmake: 6.1.1 (/opt/ros/humble/share/rmw_implementation_cmake/cmake)\n'}
[0.248898] (my_pkg) StdoutLine: {'line': b'-- Found rmw_fastrtps_cpp: 6.2.6 (/opt/ros/humble/share/rmw_fastrtps_cpp/cmake)\n'}
[0.299909] (-) TimerEvent: {}
[0.363913] (my_pkg) StdoutLine: {'line': b"-- Using RMW implementation 'rmw_fastrtps_cpp' as default\n"}
[0.400039] (-) TimerEvent: {}
[0.500398] (-) TimerEvent: {}
[0.558937] (my_pkg) StdoutLine: {'line': b'-- Configuring done\n'}
[0.567645] (my_pkg) StdoutLine: {'line': b'-- Generating done\n'}
[0.569334] (my_pkg) StdoutLine: {'line': b'-- Build files have been written to: /home/ahmed/projects/ROS2/workspace-project/ROS2-workspace/build/my_pkg\n'}
[0.578736] (my_pkg) CommandEnded: {'returncode': 0}
[0.579816] (my_pkg) JobProgress: {'identifier': 'my_pkg', 'progress': 'build'}
[0.580597] (my_pkg) Command: {'cmd': ['/usr/bin/cmake', '--build', '/home/ahmed/projects/ROS2/workspace-project/ROS2-workspace/build/my_pkg', '--', '-j16', '-l16'], 'cwd': '/home/ahmed/projects/ROS2/workspace-project/ROS2-workspace/build/my_pkg', 'env': OrderedDict([('GJS_DEBUG_TOPICS', 'JS ERROR;JS LOG'), ('VSCODE_CWD', '/home/ahmed'), ('USER', 'ahmed'), ('LC_TIME', 'en_US.UTF-8'), ('SNAP_COMMON', '/var/snap/code/common'), ('VSCODE_NLS_CONFIG', '{"locale":"en-us","osLocale":"en-us","availableLanguages":{},"_languagePackSupport":true}'), ('GIO_MODULE_DIR', '/home/ahmed/snap/code/common/.cache/gio-modules'), ('VSCODE_HANDLES_UNCAUGHT_ERRORS', 'true'), ('XDG_SESSION_TYPE', 'wayland'), ('GTK_EXE_PREFIX_VSCODE_SNAP_ORIG', ''), ('GIT_ASKPASS', '/snap/code/157/usr/share/code/resources/app/extensions/git/dist/askpass.sh'), ('GDK_BACKEND_VSCODE_SNAP_ORIG', ''), ('SHLVL', '0'), ('LD_LIBRARY_PATH', '/opt/ros/humble/opt/rviz_ogre_vendor/lib:/opt/ros/humble/lib/x86_64-linux-gnu:/opt/ros/humble/lib'), ('SNAP_UID', '1000'), ('HOME', '/home/ahmed'), ('LOCPATH_VSCODE_SNAP_ORIG', ''), ('OLDPWD', '/home/ahmed/projects/ROS2/workspace-project/ROS2-workspace'), ('CHROME_DESKTOP', 'code-url-handler.desktop'), ('LESS', '-R'), ('SNAP_LIBRARY_PATH', '/var/lib/snapd/lib/gl:/var/lib/snapd/lib/gl32:/var/lib/snapd/void'), ('DESKTOP_SESSION', 'ubuntu'), ('GTK_PATH', '/snap/code/157/usr/lib/x86_64-linux-gnu/gtk-3.0'), ('SNAP_USER_DATA', '/home/ahmed/snap/code/157'), ('TERM_PROGRAM_VERSION', '1.88.1'), ('GTK_IM_MODULE_FILE', '/home/ahmed/snap/code/common/.cache/immodules/immodules.cache'), ('GIO_LAUNCHED_DESKTOP_FILE', '/var/lib/snapd/desktop/applications/code_code.desktop'), ('ZSH', '/home/ahmed/.oh-my-zsh'), ('LSCOLORS', 'Gxfxcxdxbxegedabagacad'), ('VSCODE_IPC_HOOK', '/run/user/1000/vscode-d15692bc-1.88-main.sock'), ('GNOME_SHELL_SESSION_MODE', 'ubuntu'), ('GTK_MODULES', 'gail:atk-bridge'), ('GSETTINGS_SCHEMA_DIR_VSCODE_SNAP_ORIG', ''), ('PAGER', 'less'), ('ROS_PYTHON_VERSION', '3'), ('APPLICATION_INSIGHTS_NO_DIAGNOSTIC_CHANNEL', '1'), ('VSCODE_GIT_ASKPASS_MAIN', '/snap/code/157/usr/share/code/resources/app/extensions/git/dist/askpass-main.js'), ('LC_MONETARY', 'en_US.UTF-8'), ('MANAGERPID', '1576'), ('VSCODE_GIT_ASKPASS_NODE', '/snap/code/157/usr/share/code/code'), ('SYSTEMD_EXEC_PID', '1727'), ('DBUS_SESSION_BUS_ADDRESS', 'unix:path=/run/user/1000/bus'), ('GIO_LAUNCHED_DESKTOP_FILE_PID', '4836'), ('SNAP_REVISION', '157'), ('COLORTERM', 'truecolor'), ('VSCODE_CRASH_REPORTER_PROCESS_TYPE', 'extensionHost'), ('WAYLAND_DISPLAY', 'wayland-0'), ('ROS_DISTRO', 'humble'), ('COLCON_PREFIX_PATH', '/home/ahmed/projects/ROS2/workspace-project/ROS2-workspace/install'), ('VSCODE_L10N_BUNDLE_LOCATION', ''), ('LOGNAME', 'ahmed'), ('JOURNAL_STREAM', '8:25943'), ('_', '/usr/bin/colcon'), ('SNAP_CONTEXT', 'm2Cu0vsbbo3eI__ThliLlzi1AU4TAPBL8ruQWg1Itf3bno2g71jt'), ('XDG_CONFIG_DIRS_VSCODE_SNAP_ORIG', ''), ('XDG_SESSION_CLASS', 'user'), ('XDG_DATA_DIRS_VSCODE_SNAP_ORIG', '/usr/local/share/:/usr/share/:/var/lib/snapd/desktop'), ('ROS_VERSION', '2'), ('SNAP_VERSION', 'e170252f'), ('USERNAME', 'ahmed'), ('TERM', 'xterm-256color'), ('GNOME_DESKTOP_SESSION_ID', 'this-is-deprecated'), ('ROS_LOCALHOST_ONLY', '0'), ('SNAP_INSTANCE_NAME', 'code'), ('PATH', '/opt/ros/humble/bin:/usr/local/sbin:/usr/local/bin:/usr/sbin:/usr/bin:/sbin:/bin:/usr/games:/usr/local/games:/snap/bin:/snap/bin'), ('SESSION_MANAGER', 'local/ahmed:@/tmp/.ICE-unix/1689,unix/ahmed:/tmp/.ICE-unix/1689'), ('GTK_EXE_PREFIX', '/snap/code/157/usr'), ('INVOCATION_ID', '5585e66754f749e3b9d7feaf92379593'), ('PAPERSIZE', 'letter'), ('VSCODE_AMD_ENTRYPOINT', 'vs/workbench/api/node/extensionHostProcess'), ('XDG_MENU_PREFIX', 'gnome-'), ('LC_ADDRESS', 'en_US.UTF-8'), ('BAMF_DESKTOP_FILE_HINT', '/var/lib/snapd/desktop/applications/code_code.desktop'), ('GNOME_SETUP_DISPLAY', ':1'), ('XDG_RUNTIME_DIR', '/run/user/1000'), ('GDK_BACKEND', 'x11'), ('SNAP_DATA', '/var/snap/code/157'), ('DISPLAY', ':0'), ('LOCPATH', '/snap/code/157/usr/lib/locale'), ('LANG', 'en_US.UTF-8'), ('XDG_CURRENT_DESKTOP', 'Unity'), ('LC_TELEPHONE', 'en_US.UTF-8'), ('GIO_MODULE_DIR_VSCODE_SNAP_ORIG', ''), ('XMODIFIERS', '@im=ibus'), ('XDG_SESSION_DESKTOP', 'ubuntu'), ('XAUTHORITY', '/run/user/1000/.mutter-Xwaylandauth.DAIGM2'), ('LS_COLORS', ''), ('TERM_PROGRAM', 'vscode'), ('VSCODE_GIT_IPC_HANDLE', '/run/user/1000/vscode-git-5306c328cd.sock'), ('SSH_AGENT_LAUNCHER', 'gnome-keyring'), ('SSH_AUTH_SOCK', '/run/user/1000/keyring/ssh'), ('GSETTINGS_SCHEMA_DIR', '/home/ahmed/snap/code/157/.local/share/glib-2.0/schemas'), ('ORIGINAL_XDG_CURRENT_DESKTOP', 'ubuntu:GNOME'), ('AMENT_PREFIX_PATH', '/home/ahmed/projects/ROS2/workspace-project/ROS2-workspace/install/my_pkg:/opt/ros/humble'), ('SNAP_USER_COMMON', '/home/ahmed/snap/code/common'), ('SNAP_ARCH', 'amd64'), ('SNAP_COOKIE', 'm2Cu0vsbbo3eI__ThliLlzi1AU4TAPBL8ruQWg1Itf3bno2g71jt'), ('SHELL', '/usr/bin/zsh'), ('LC_NAME', 'en_US.UTF-8'), ('GDK_PIXBUF_MODULEDIR', '/snap/code/157/usr/lib/x86_64-linux-gnu/gdk-pixbuf-2.0/2.10.0/loaders'), ('QT_ACCESSIBILITY', '1'), ('GDMSESSION', 'ubuntu'), ('ELECTRON_RUN_AS_NODE', '1'), ('GTK_PATH_VSCODE_SNAP_ORIG', ''), ('SNAP_NAME', 'code'), ('GTK_IM_MODULE_FILE_VSCODE_SNAP_ORIG', ''), ('LC_MEASUREMENT', 'en_US.UTF-8'), ('GJS_DEBUG_OUTPUT', 'stderr'), ('LC_IDENTIFICATION', 'en_US.UTF-8'), ('GDK_PIXBUF_MODULE_FILE', '/home/ahmed/snap/code/common/.cache/gdk-pixbuf-loaders.cache'), ('QT_IM_MODULE', 'ibus'), ('SNAP_LAUNCHER_ARCH_TRIPLET', 'x86_64-linux-gnu'), ('VSCODE_GIT_ASKPASS_EXTRA_ARGS', ''), ('PWD', '/home/ahmed/projects/ROS2/workspace-project/ROS2-workspace/build/my_pkg'), ('LC_ALL', 'en_US.UTF-8'), ('VSCODE_CLI', '1'), ('XDG_DATA_DIRS', '/usr/share/ubuntu:/home/ahmed/snap/code/157/.local/share:/home/ahmed/snap/code/157:/snap/code/157/usr/share:/usr/local/share/:/usr/share/:/var/lib/snapd/desktop'), ('XDG_CONFIG_DIRS', '/etc/xdg/xdg-ubuntu:/etc/xdg'), ('SNAP_REAL_HOME', '/home/ahmed'), ('VSCODE_CODE_CACHE_PATH', '/home/ahmed/.config/Code/CachedData/e170252f762678dec6ca2cc69aba1570769a5d39'), ('LC_NUMERIC', 'en_US.UTF-8'), ('PYTHONPATH', '/opt/ros/humble/lib/python3.10/site-packages:/opt/ros/humble/local/lib/python3.10/dist-packages'), ('SNAP_EUID', '1000'), ('SNAP', '/snap/code/157'), ('LC_PAPER', 'en_US.UTF-8'), ('COLCON', '1'), ('ELECTRON_NO_ATTACH_CONSOLE', '1'), ('CMAKE_PREFIX_PATH', '/home/ahmed/projects/ROS2/workspace-project/ROS2-workspace/install/my_pkg:/opt/ros/humble'), ('VSCODE_PID', '4890')]), 'shell': False}
[0.600545] (-) TimerEvent: {}
[0.627618] (my_pkg) StdoutLine: {'line': b'\x1b[35m\x1b[1mConsolidate compiler generated dependencies of target welcome_node\x1b[0m\n'}
[0.650753] (my_pkg) StdoutLine: {'line': b'[ 50%] \x1b[32mBuilding CXX object CMakeFiles/welcome_node.dir/src/simple_welcome_node.cpp.o\x1b[0m\n'}
[0.700691] (-) TimerEvent: {}
[0.801580] (-) TimerEvent: {}
[0.901965] (-) TimerEvent: {}
[1.002384] (-) TimerEvent: {}
[1.103107] (-) TimerEvent: {}
[1.203498] (-) TimerEvent: {}
[1.303883] (-) TimerEvent: {}
[1.404314] (-) TimerEvent: {}
[1.504722] (-) TimerEvent: {}
[1.605153] (-) TimerEvent: {}
[1.705622] (-) TimerEvent: {}
[1.805969] (-) TimerEvent: {}
[1.906261] (-) TimerEvent: {}
[2.006573] (-) TimerEvent: {}
[2.106925] (-) TimerEvent: {}
[2.207295] (-) TimerEvent: {}
[2.307712] (-) TimerEvent: {}
[2.406466] (my_pkg) StderrLine: {'line': b'\x1b[01m\x1b[K/home/ahmed/projects/ROS2/workspace-project/ROS2-workspace/src/my_pkg/src/simple_welcome_node.cpp:\x1b[m\x1b[K In constructor \xe2\x80\x98\x1b[01m\x1b[KMyNode::\x1b[01;32m\x1b[KMyNode\x1b[m\x1b[K()\x1b[m\x1b[K\xe2\x80\x99:\n'}
[2.406790] (my_pkg) StderrLine: {'line': b'\x1b[01m\x1b[K/home/ahmed/projects/ROS2/workspace-project/ROS2-workspace/src/my_pkg/src/simple_welcome_node.cpp:26:74:\x1b[m\x1b[K \x1b[01;31m\x1b[Kerror: \x1b[m\x1b[Klvalue required as unary \xe2\x80\x98\x1b[01m\x1b[K&\x1b[m\x1b[K\xe2\x80\x99 operand\n'}
[2.406864] (my_pkg) StderrLine: {'line': b'   26 |                                          std::bind(&\x1b[01;31m\x1b[KMyNode::timerCallBack()\x1b[m\x1b[K, this));\n'}
[2.406924] (my_pkg) StderrLine: {'line': b'      |                                                     \x1b[01;31m\x1b[K~~~~~~~~~~~~~~~~~~~~~^~\x1b[m\x1b[K\n'}
[2.407792] (-) TimerEvent: {}
[2.508062] (-) TimerEvent: {}
[2.608448] (-) TimerEvent: {}
[2.708780] (-) TimerEvent: {}
[2.787871] (my_pkg) StderrLine: {'line': b'gmake[2]: *** [CMakeFiles/welcome_node.dir/build.make:76: CMakeFiles/welcome_node.dir/src/simple_welcome_node.cpp.o] Error 1\n'}
[2.788150] (my_pkg) StderrLine: {'line': b'gmake[1]: *** [CMakeFiles/Makefile2:137: CMakeFiles/welcome_node.dir/all] Error 2\n'}
[2.788360] (my_pkg) StderrLine: {'line': b'gmake: *** [Makefile:146: all] Error 2\n'}
[2.790780] (my_pkg) CommandEnded: {'returncode': 2}
[2.808900] (-) TimerEvent: {}
[2.829999] (my_pkg) JobEnded: {'identifier': 'my_pkg', 'rc': 2}
[2.840569] (-) EventReactorShutdown: {}
