[0.000000] (-) TimerEvent: {}
[0.000784] (my_pkg) JobQueued: {'identifier': 'my_pkg', 'dependencies': OrderedDict()}
[0.000914] (my_pkg) JobStarted: {'identifier': 'my_pkg'}
[0.010039] (my_pkg) JobProgress: {'identifier': 'my_pkg', 'progress': 'cmake'}
[0.011381] (my_pkg) JobProgress: {'identifier': 'my_pkg', 'progress': 'build'}
[0.011563] (my_pkg) Command: {'cmd': ['/usr/bin/cmake', '--build', '/home/ahmed/projects/ROS2/workspace-project/ROS2-workspace/build/my_pkg', '--', '-j16', '-l16'], 'cwd': '/home/ahmed/projects/ROS2/workspace-project/ROS2-workspace/build/my_pkg', 'env': OrderedDict([('GJS_DEBUG_TOPICS', 'JS ERROR;JS LOG'), ('VSCODE_CWD', '/home/ahmed'), ('USER', 'ahmed'), ('LC_TIME', 'en_US.UTF-8'), ('SNAP_COMMON', '/var/snap/code/common'), ('VSCODE_NLS_CONFIG', '{"locale":"en-us","osLocale":"en-us","availableLanguages":{},"_languagePackSupport":true}'), ('GIO_MODULE_DIR', '/home/ahmed/snap/code/common/.cache/gio-modules'), ('VSCODE_HANDLES_UNCAUGHT_ERRORS', 'true'), ('XDG_SESSION_TYPE', 'wayland'), ('GTK_EXE_PREFIX_VSCODE_SNAP_ORIG', ''), ('GIT_ASKPASS', '/snap/code/157/usr/share/code/resources/app/extensions/git/dist/askpass.sh'), ('GDK_BACKEND_VSCODE_SNAP_ORIG', ''), ('SHLVL', '0'), ('LD_LIBRARY_PATH', '/opt/ros/humble/opt/rviz_ogre_vendor/lib:/opt/ros/humble/lib/x86_64-linux-gnu:/opt/ros/humble/lib'), ('SNAP_UID', '1000'), ('HOME', '/home/ahmed'), ('LOCPATH_VSCODE_SNAP_ORIG', ''), ('OLDPWD', '/home/ahmed/projects/ROS2/workspace-project/ROS2-workspace'), ('CHROME_DESKTOP', 'code-url-handler.desktop'), ('LESS', '-R'), ('SNAP_LIBRARY_PATH', '/var/lib/snapd/lib/gl:/var/lib/snapd/lib/gl32:/var/lib/snapd/void'), ('DESKTOP_SESSION', 'ubuntu'), ('GTK_PATH', '/snap/code/157/usr/lib/x86_64-linux-gnu/gtk-3.0'), ('SNAP_USER_DATA', '/home/ahmed/snap/code/157'), ('TERM_PROGRAM_VERSION', '1.88.1'), ('GTK_IM_MODULE_FILE', '/home/ahmed/snap/code/common/.cache/immodules/immodules.cache'), ('GIO_LAUNCHED_DESKTOP_FILE', '/var/lib/snapd/desktop/applications/code_code.desktop'), ('ZSH', '/home/ahmed/.oh-my-zsh'), ('LSCOLORS', 'Gxfxcxdxbxegedabagacad'), ('VSCODE_IPC_HOOK', '/run/user/1000/vscode-d15692bc-1.88-main.sock'), ('GNOME_SHELL_SESSION_MODE', 'ubuntu'), ('GTK_MODULES', 'gail:atk-bridge'), ('GSETTINGS_SCHEMA_DIR_VSCODE_SNAP_ORIG', ''), ('PAGER', 'less'), ('ROS_PYTHON_VERSION', '3'), ('APPLICATION_INSIGHTS_NO_DIAGNOSTIC_CHANNEL', '1'), ('VSCODE_GIT_ASKPASS_MAIN', '/snap/code/157/usr/share/code/resources/app/extensions/git/dist/askpass-main.js'), ('LC_MONETARY', 'en_US.UTF-8'), ('MANAGERPID', '1576'), ('VSCODE_GIT_ASKPASS_NODE', '/snap/code/157/usr/share/code/code'), ('SYSTEMD_EXEC_PID', '1727'), ('DBUS_SESSION_BUS_ADDRESS', 'unix:path=/run/user/1000/bus'), ('GIO_LAUNCHED_DESKTOP_FILE_PID', '4836'), ('SNAP_REVISION', '157'), ('COLORTERM', 'truecolor'), ('VSCODE_CRASH_REPORTER_PROCESS_TYPE', 'extensionHost'), ('WAYLAND_DISPLAY', 'wayland-0'), ('ROS_DISTRO', 'humble'), ('COLCON_PREFIX_PATH', '/home/ahmed/projects/ROS2/workspace-project/ROS2-workspace/install'), ('VSCODE_L10N_BUNDLE_LOCATION', ''), ('LOGNAME', 'ahmed'), ('JOURNAL_STREAM', '8:25943'), ('_', '/usr/bin/colcon'), ('SNAP_CONTEXT', 'm2Cu0vsbbo3eI__ThliLlzi1AU4TAPBL8ruQWg1Itf3bno2g71jt'), ('XDG_CONFIG_DIRS_VSCODE_SNAP_ORIG', ''), ('XDG_SESSION_CLASS', 'user'), ('XDG_DATA_DIRS_VSCODE_SNAP_ORIG', '/usr/local/share/:/usr/share/:/var/lib/snapd/desktop'), ('ROS_VERSION', '2'), ('SNAP_VERSION', 'e170252f'), ('USERNAME', 'ahmed'), ('TERM', 'xterm-256color'), ('GNOME_DESKTOP_SESSION_ID', 'this-is-deprecated'), ('ROS_LOCALHOST_ONLY', '0'), ('SNAP_INSTANCE_NAME', 'code'), ('PATH', '/opt/ros/humble/bin:/usr/local/sbin:/usr/local/bin:/usr/sbin:/usr/bin:/sbin:/bin:/usr/games:/usr/local/games:/snap/bin:/snap/bin'), ('SESSION_MANAGER', 'local/ahmed:@/tmp/.ICE-unix/1689,unix/ahmed:/tmp/.ICE-unix/1689'), ('GTK_EXE_PREFIX', '/snap/code/157/usr'), ('INVOCATION_ID', '5585e66754f749e3b9d7feaf92379593'), ('PAPERSIZE', 'letter'), ('VSCODE_AMD_ENTRYPOINT', 'vs/workbench/api/node/extensionHostProcess'), ('XDG_MENU_PREFIX', 'gnome-'), ('LC_ADDRESS', 'en_US.UTF-8'), ('BAMF_DESKTOP_FILE_HINT', '/var/lib/snapd/desktop/applications/code_code.desktop'), ('GNOME_SETUP_DISPLAY', ':1'), ('XDG_RUNTIME_DIR', '/run/user/1000'), ('GDK_BACKEND', 'x11'), ('SNAP_DATA', '/var/snap/code/157'), ('DISPLAY', ':0'), ('LOCPATH', '/snap/code/157/usr/lib/locale'), ('LANG', 'en_US.UTF-8'), ('XDG_CURRENT_DESKTOP', 'Unity'), ('LC_TELEPHONE', 'en_US.UTF-8'), ('GIO_MODULE_DIR_VSCODE_SNAP_ORIG', ''), ('XMODIFIERS', '@im=ibus'), ('XDG_SESSION_DESKTOP', 'ubuntu'), ('XAUTHORITY', '/run/user/1000/.mutter-Xwaylandauth.DAIGM2'), ('LS_COLORS', ''), ('TERM_PROGRAM', 'vscode'), ('VSCODE_GIT_IPC_HANDLE', '/run/user/1000/vscode-git-5306c328cd.sock'), ('SSH_AGENT_LAUNCHER', 'gnome-keyring'), ('SSH_AUTH_SOCK', '/run/user/1000/keyring/ssh'), ('GSETTINGS_SCHEMA_DIR', '/home/ahmed/snap/code/157/.local/share/glib-2.0/schemas'), ('ORIGINAL_XDG_CURRENT_DESKTOP', 'ubuntu:GNOME'), ('AMENT_PREFIX_PATH', '/home/ahmed/projects/ROS2/workspace-project/ROS2-workspace/install/my_pkg:/opt/ros/humble'), ('SNAP_USER_COMMON', '/home/ahmed/snap/code/common'), ('SNAP_ARCH', 'amd64'), ('SNAP_COOKIE', 'm2Cu0vsbbo3eI__ThliLlzi1AU4TAPBL8ruQWg1Itf3bno2g71jt'), ('SHELL', '/usr/bin/zsh'), ('LC_NAME', 'en_US.UTF-8'), ('GDK_PIXBUF_MODULEDIR', '/snap/code/157/usr/lib/x86_64-linux-gnu/gdk-pixbuf-2.0/2.10.0/loaders'), ('QT_ACCESSIBILITY', '1'), ('GDMSESSION', 'ubuntu'), ('ELECTRON_RUN_AS_NODE', '1'), ('GTK_PATH_VSCODE_SNAP_ORIG', ''), ('SNAP_NAME', 'code'), ('GTK_IM_MODULE_FILE_VSCODE_SNAP_ORIG', ''), ('LC_MEASUREMENT', 'en_US.UTF-8'), ('GJS_DEBUG_OUTPUT', 'stderr'), ('LC_IDENTIFICATION', 'en_US.UTF-8'), ('GDK_PIXBUF_MODULE_FILE', '/home/ahmed/snap/code/common/.cache/gdk-pixbuf-loaders.cache'), ('QT_IM_MODULE', 'ibus'), ('SNAP_LAUNCHER_ARCH_TRIPLET', 'x86_64-linux-gnu'), ('VSCODE_GIT_ASKPASS_EXTRA_ARGS', ''), ('PWD', '/home/ahmed/projects/ROS2/workspace-project/ROS2-workspace/build/my_pkg'), ('LC_ALL', 'en_US.UTF-8'), ('VSCODE_CLI', '1'), ('XDG_DATA_DIRS', '/usr/share/ubuntu:/home/ahmed/snap/code/157/.local/share:/home/ahmed/snap/code/157:/snap/code/157/usr/share:/usr/local/share/:/usr/share/:/var/lib/snapd/desktop'), ('XDG_CONFIG_DIRS', '/etc/xdg/xdg-ubuntu:/etc/xdg'), ('SNAP_REAL_HOME', '/home/ahmed'), ('VSCODE_CODE_CACHE_PATH', '/home/ahmed/.config/Code/CachedData/e170252f762678dec6ca2cc69aba1570769a5d39'), ('LC_NUMERIC', 'en_US.UTF-8'), ('PYTHONPATH', '/opt/ros/humble/lib/python3.10/site-packages:/opt/ros/humble/local/lib/python3.10/dist-packages'), ('SNAP_EUID', '1000'), ('SNAP', '/snap/code/157'), ('LC_PAPER', 'en_US.UTF-8'), ('COLCON', '1'), ('ELECTRON_NO_ATTACH_CONSOLE', '1'), ('CMAKE_PREFIX_PATH', '/home/ahmed/projects/ROS2/workspace-project/ROS2-workspace/install/my_pkg:/opt/ros/humble'), ('VSCODE_PID', '4890')]), 'shell': False}
[0.064893] (my_pkg) StdoutLine: {'line': b'\x1b[35m\x1b[1mConsolidate compiler generated dependencies of target welcome_node\x1b[0m\n'}
[0.088133] (my_pkg) StdoutLine: {'line': b'[ 50%] \x1b[32mBuilding CXX object CMakeFiles/welcome_node.dir/src/simple_welcome_node.cpp.o\x1b[0m\n'}
[0.099857] (-) TimerEvent: {}
[0.200294] (-) TimerEvent: {}
[0.300785] (-) TimerEvent: {}
[0.401243] (-) TimerEvent: {}
[0.501709] (-) TimerEvent: {}
[0.602174] (-) TimerEvent: {}
[0.702511] (-) TimerEvent: {}
[0.802896] (-) TimerEvent: {}
[0.903266] (-) TimerEvent: {}
[1.003686] (-) TimerEvent: {}
[1.104109] (-) TimerEvent: {}
[1.204499] (-) TimerEvent: {}
[1.304840] (-) TimerEvent: {}
[1.405197] (-) TimerEvent: {}
[1.505577] (-) TimerEvent: {}
[1.605985] (-) TimerEvent: {}
[1.706393] (-) TimerEvent: {}
[1.806803] (-) TimerEvent: {}
[1.907234] (-) TimerEvent: {}
[1.966290] (my_pkg) StderrLine: {'line': b'In file included from \x1b[01m\x1b[K/opt/ros/humble/include/rclcpp/rclcpp/logging.hpp:24\x1b[m\x1b[K,\n'}
[1.966542] (my_pkg) StderrLine: {'line': b'                 from \x1b[01m\x1b[K/opt/ros/humble/include/rclcpp/rclcpp/client.hpp:40\x1b[m\x1b[K,\n'}
[1.966634] (my_pkg) StderrLine: {'line': b'                 from \x1b[01m\x1b[K/opt/ros/humble/include/rclcpp/rclcpp/callback_group.hpp:24\x1b[m\x1b[K,\n'}
[1.966717] (my_pkg) StderrLine: {'line': b'                 from \x1b[01m\x1b[K/opt/ros/humble/include/rclcpp/rclcpp/any_executable.hpp:20\x1b[m\x1b[K,\n'}
[1.966812] (my_pkg) StderrLine: {'line': b'                 from \x1b[01m\x1b[K/opt/ros/humble/include/rclcpp/rclcpp/memory_strategy.hpp:25\x1b[m\x1b[K,\n'}
[1.966893] (my_pkg) StderrLine: {'line': b'                 from \x1b[01m\x1b[K/opt/ros/humble/include/rclcpp/rclcpp/memory_strategies.hpp:18\x1b[m\x1b[K,\n'}
[1.966975] (my_pkg) StderrLine: {'line': b'                 from \x1b[01m\x1b[K/opt/ros/humble/include/rclcpp/rclcpp/executor_options.hpp:20\x1b[m\x1b[K,\n'}
[1.967053] (my_pkg) StderrLine: {'line': b'                 from \x1b[01m\x1b[K/opt/ros/humble/include/rclcpp/rclcpp/executor.hpp:37\x1b[m\x1b[K,\n'}
[1.967136] (my_pkg) StderrLine: {'line': b'                 from \x1b[01m\x1b[K/opt/ros/humble/include/rclcpp/rclcpp/executors/multi_threaded_executor.hpp:25\x1b[m\x1b[K,\n'}
[1.967225] (my_pkg) StderrLine: {'line': b'                 from \x1b[01m\x1b[K/opt/ros/humble/include/rclcpp/rclcpp/executors.hpp:21\x1b[m\x1b[K,\n'}
[1.967307] (my_pkg) StderrLine: {'line': b'                 from \x1b[01m\x1b[K/opt/ros/humble/include/rclcpp/rclcpp/rclcpp.hpp:155\x1b[m\x1b[K,\n'}
[1.967389] (my_pkg) StderrLine: {'line': b'                 from \x1b[01m\x1b[K/home/ahmed/projects/ROS2/workspace-project/ROS2-workspace/src/my_pkg/src/simple_welcome_node.cpp:1\x1b[m\x1b[K:\n'}
[1.967475] (my_pkg) StderrLine: {'line': b'\x1b[01m\x1b[K/home/ahmed/projects/ROS2/workspace-project/ROS2-workspace/src/my_pkg/src/simple_welcome_node.cpp:\x1b[m\x1b[K In constructor \xe2\x80\x98\x1b[01m\x1b[KMyNode::\x1b[01;32m\x1b[KMyNode\x1b[m\x1b[K()\x1b[m\x1b[K\xe2\x80\x99:\n'}
[1.967561] (my_pkg) StderrLine: {'line': b'\x1b[01m\x1b[K/home/ahmed/projects/ROS2/workspace-project/ROS2-workspace/src/my_pkg/src/simple_welcome_node.cpp:14:45:\x1b[m\x1b[K \x1b[01;35m\x1b[Kwarning: \x1b[m\x1b[Kformat \xe2\x80\x98\x1b[01m\x1b[K%s\x1b[m\x1b[K\xe2\x80\x99 expects argument of type \xe2\x80\x98\x1b[01m\x1b[Kchar*\x1b[m\x1b[K\xe2\x80\x99, but argument 5 has type \xe2\x80\x98\x1b[01m\x1b[Kint\x1b[m\x1b[K\xe2\x80\x99 [\x1b[01;35m\x1b[K\x1b]8;;https://gcc.gnu.org/onlinedocs/gcc/Warning-Options.html#index-Wformat=\x07-Wformat=\x1b]8;;\x07\x1b[m\x1b[K]\n'}
[1.967662] (my_pkg) StderrLine: {'line': b'   14 |             RCLCPP_INFO(this->get_logger(), \x1b[01;35m\x1b[K"%s"\x1b[m\x1b[K, \x1b[32m\x1b[K*message.c_str()\x1b[m\x1b[K);\n'}
[1.967742] (my_pkg) StderrLine: {'line': b'      |                                             \x1b[01;35m\x1b[K^~~~\x1b[m\x1b[K  \x1b[32m\x1b[K~~~~~~~~~~~~~~~~\x1b[m\x1b[K\n'}
[1.967828] (my_pkg) StderrLine: {'line': b'      |                                                   \x1b[32m\x1b[K|\x1b[m\x1b[K\n'}
[1.967908] (my_pkg) StderrLine: {'line': b'      |                                                   \x1b[32m\x1b[Kint\x1b[m\x1b[K\n'}
[1.967990] (my_pkg) StderrLine: {'line': b'\x1b[01m\x1b[K/home/ahmed/projects/ROS2/workspace-project/ROS2-workspace/src/my_pkg/src/simple_welcome_node.cpp:14:47:\x1b[m\x1b[K \x1b[01;36m\x1b[Knote: \x1b[m\x1b[Kformat string is defined here\n'}
[1.968086] (my_pkg) StderrLine: {'line': b'   14 |             RCLCPP_INFO(this->get_logger(), "\x1b[01;36m\x1b[K%s\x1b[m\x1b[K", *message.c_str());\n'}
[1.968192] (my_pkg) StderrLine: {'line': b'      |                                              \x1b[01;36m\x1b[K~^\x1b[m\x1b[K\n'}
[1.968295] (my_pkg) StderrLine: {'line': b'      |                                               \x1b[01;36m\x1b[K|\x1b[m\x1b[K\n'}
[1.968383] (my_pkg) StderrLine: {'line': b'      |                                               \x1b[01;36m\x1b[Kchar*\x1b[m\x1b[K\n'}
[1.968475] (my_pkg) StderrLine: {'line': b'      |                                              \x1b[32m\x1b[K%d\x1b[m\x1b[K\n'}
[1.968637] (my_pkg) StderrLine: {'line': b'\x1b[01m\x1b[K/home/ahmed/projects/ROS2/workspace-project/ROS2-workspace/src/my_pkg/src/simple_welcome_node.cpp:\x1b[m\x1b[K In function \xe2\x80\x98\x1b[01m\x1b[Kint\x1b[01;32m\x1b[K main\x1b[m\x1b[K(int, char**)\x1b[m\x1b[K\xe2\x80\x99:\n'}
[1.968727] (my_pkg) StderrLine: {'line': b'\x1b[01m\x1b[K/home/ahmed/projects/ROS2/workspace-project/ROS2-workspace/src/my_pkg/src/simple_welcome_node.cpp:20:14:\x1b[m\x1b[K \x1b[01;35m\x1b[Kwarning: \x1b[m\x1b[Kunused parameter \xe2\x80\x98\x1b[01m\x1b[Kargc\x1b[m\x1b[K\xe2\x80\x99 [\x1b[01;35m\x1b[K\x1b]8;;https://gcc.gnu.org/onlinedocs/gcc/Warning-Options.html#index-Wunused-parameter\x07-Wunused-parameter\x1b]8;;\x07\x1b[m\x1b[K]\n'}
[1.968818] (my_pkg) StderrLine: {'line': b'   20 | int main(\x1b[01;35m\x1b[Kint argc\x1b[m\x1b[K, char **argv)\n'}
[1.968898] (my_pkg) StderrLine: {'line': b'      |          \x1b[01;35m\x1b[K~~~~^~~~\x1b[m\x1b[K\n'}
[1.968971] (my_pkg) StderrLine: {'line': b'\x1b[01m\x1b[K/home/ahmed/projects/ROS2/workspace-project/ROS2-workspace/src/my_pkg/src/simple_welcome_node.cpp:20:27:\x1b[m\x1b[K \x1b[01;35m\x1b[Kwarning: \x1b[m\x1b[Kunused parameter \xe2\x80\x98\x1b[01m\x1b[Kargv\x1b[m\x1b[K\xe2\x80\x99 [\x1b[01;35m\x1b[K\x1b]8;;https://gcc.gnu.org/onlinedocs/gcc/Warning-Options.html#index-Wunused-parameter\x07-Wunused-parameter\x1b]8;;\x07\x1b[m\x1b[K]\n'}
[1.969055] (my_pkg) StderrLine: {'line': b'   20 | int main(int argc, \x1b[01;35m\x1b[Kchar **argv\x1b[m\x1b[K)\n'}
[1.969128] (my_pkg) StderrLine: {'line': b'      |                    \x1b[01;35m\x1b[K~~~~~~~^~~~\x1b[m\x1b[K\n'}
[2.007344] (-) TimerEvent: {}
[2.107675] (-) TimerEvent: {}
[2.208011] (-) TimerEvent: {}
[2.308377] (-) TimerEvent: {}
[2.408805] (-) TimerEvent: {}
[2.509181] (-) TimerEvent: {}
[2.609600] (-) TimerEvent: {}
[2.709980] (-) TimerEvent: {}
[2.806059] (my_pkg) StdoutLine: {'line': b'[100%] \x1b[32m\x1b[1mLinking CXX executable welcome_node\x1b[0m\n'}
[2.810175] (-) TimerEvent: {}
[2.910572] (-) TimerEvent: {}
[2.950898] (my_pkg) StdoutLine: {'line': b'[100%] Built target welcome_node\n'}
[2.964235] (my_pkg) CommandEnded: {'returncode': 0}
[2.992928] (my_pkg) JobProgress: {'identifier': 'my_pkg', 'progress': 'install'}
[3.004043] (my_pkg) Command: {'cmd': ['/usr/bin/cmake', '--install', '/home/ahmed/projects/ROS2/workspace-project/ROS2-workspace/build/my_pkg'], 'cwd': '/home/ahmed/projects/ROS2/workspace-project/ROS2-workspace/build/my_pkg', 'env': OrderedDict([('GJS_DEBUG_TOPICS', 'JS ERROR;JS LOG'), ('VSCODE_CWD', '/home/ahmed'), ('USER', 'ahmed'), ('LC_TIME', 'en_US.UTF-8'), ('SNAP_COMMON', '/var/snap/code/common'), ('VSCODE_NLS_CONFIG', '{"locale":"en-us","osLocale":"en-us","availableLanguages":{},"_languagePackSupport":true}'), ('GIO_MODULE_DIR', '/home/ahmed/snap/code/common/.cache/gio-modules'), ('VSCODE_HANDLES_UNCAUGHT_ERRORS', 'true'), ('XDG_SESSION_TYPE', 'wayland'), ('GTK_EXE_PREFIX_VSCODE_SNAP_ORIG', ''), ('GIT_ASKPASS', '/snap/code/157/usr/share/code/resources/app/extensions/git/dist/askpass.sh'), ('GDK_BACKEND_VSCODE_SNAP_ORIG', ''), ('SHLVL', '0'), ('LD_LIBRARY_PATH', '/opt/ros/humble/opt/rviz_ogre_vendor/lib:/opt/ros/humble/lib/x86_64-linux-gnu:/opt/ros/humble/lib'), ('SNAP_UID', '1000'), ('HOME', '/home/ahmed'), ('LOCPATH_VSCODE_SNAP_ORIG', ''), ('OLDPWD', '/home/ahmed/projects/ROS2/workspace-project/ROS2-workspace'), ('CHROME_DESKTOP', 'code-url-handler.desktop'), ('LESS', '-R'), ('SNAP_LIBRARY_PATH', '/var/lib/snapd/lib/gl:/var/lib/snapd/lib/gl32:/var/lib/snapd/void'), ('DESKTOP_SESSION', 'ubuntu'), ('GTK_PATH', '/snap/code/157/usr/lib/x86_64-linux-gnu/gtk-3.0'), ('SNAP_USER_DATA', '/home/ahmed/snap/code/157'), ('TERM_PROGRAM_VERSION', '1.88.1'), ('GTK_IM_MODULE_FILE', '/home/ahmed/snap/code/common/.cache/immodules/immodules.cache'), ('GIO_LAUNCHED_DESKTOP_FILE', '/var/lib/snapd/desktop/applications/code_code.desktop'), ('ZSH', '/home/ahmed/.oh-my-zsh'), ('LSCOLORS', 'Gxfxcxdxbxegedabagacad'), ('VSCODE_IPC_HOOK', '/run/user/1000/vscode-d15692bc-1.88-main.sock'), ('GNOME_SHELL_SESSION_MODE', 'ubuntu'), ('GTK_MODULES', 'gail:atk-bridge'), ('GSETTINGS_SCHEMA_DIR_VSCODE_SNAP_ORIG', ''), ('PAGER', 'less'), ('ROS_PYTHON_VERSION', '3'), ('APPLICATION_INSIGHTS_NO_DIAGNOSTIC_CHANNEL', '1'), ('VSCODE_GIT_ASKPASS_MAIN', '/snap/code/157/usr/share/code/resources/app/extensions/git/dist/askpass-main.js'), ('LC_MONETARY', 'en_US.UTF-8'), ('MANAGERPID', '1576'), ('VSCODE_GIT_ASKPASS_NODE', '/snap/code/157/usr/share/code/code'), ('SYSTEMD_EXEC_PID', '1727'), ('DBUS_SESSION_BUS_ADDRESS', 'unix:path=/run/user/1000/bus'), ('GIO_LAUNCHED_DESKTOP_FILE_PID', '4836'), ('SNAP_REVISION', '157'), ('COLORTERM', 'truecolor'), ('VSCODE_CRASH_REPORTER_PROCESS_TYPE', 'extensionHost'), ('WAYLAND_DISPLAY', 'wayland-0'), ('ROS_DISTRO', 'humble'), ('COLCON_PREFIX_PATH', '/home/ahmed/projects/ROS2/workspace-project/ROS2-workspace/install'), ('VSCODE_L10N_BUNDLE_LOCATION', ''), ('LOGNAME', 'ahmed'), ('JOURNAL_STREAM', '8:25943'), ('_', '/usr/bin/colcon'), ('SNAP_CONTEXT', 'm2Cu0vsbbo3eI__ThliLlzi1AU4TAPBL8ruQWg1Itf3bno2g71jt'), ('XDG_CONFIG_DIRS_VSCODE_SNAP_ORIG', ''), ('XDG_SESSION_CLASS', 'user'), ('XDG_DATA_DIRS_VSCODE_SNAP_ORIG', '/usr/local/share/:/usr/share/:/var/lib/snapd/desktop'), ('ROS_VERSION', '2'), ('SNAP_VERSION', 'e170252f'), ('USERNAME', 'ahmed'), ('TERM', 'xterm-256color'), ('GNOME_DESKTOP_SESSION_ID', 'this-is-deprecated'), ('ROS_LOCALHOST_ONLY', '0'), ('SNAP_INSTANCE_NAME', 'code'), ('PATH', '/opt/ros/humble/bin:/usr/local/sbin:/usr/local/bin:/usr/sbin:/usr/bin:/sbin:/bin:/usr/games:/usr/local/games:/snap/bin:/snap/bin'), ('SESSION_MANAGER', 'local/ahmed:@/tmp/.ICE-unix/1689,unix/ahmed:/tmp/.ICE-unix/1689'), ('GTK_EXE_PREFIX', '/snap/code/157/usr'), ('INVOCATION_ID', '5585e66754f749e3b9d7feaf92379593'), ('PAPERSIZE', 'letter'), ('VSCODE_AMD_ENTRYPOINT', 'vs/workbench/api/node/extensionHostProcess'), ('XDG_MENU_PREFIX', 'gnome-'), ('LC_ADDRESS', 'en_US.UTF-8'), ('BAMF_DESKTOP_FILE_HINT', '/var/lib/snapd/desktop/applications/code_code.desktop'), ('GNOME_SETUP_DISPLAY', ':1'), ('XDG_RUNTIME_DIR', '/run/user/1000'), ('GDK_BACKEND', 'x11'), ('SNAP_DATA', '/var/snap/code/157'), ('DISPLAY', ':0'), ('LOCPATH', '/snap/code/157/usr/lib/locale'), ('LANG', 'en_US.UTF-8'), ('XDG_CURRENT_DESKTOP', 'Unity'), ('LC_TELEPHONE', 'en_US.UTF-8'), ('GIO_MODULE_DIR_VSCODE_SNAP_ORIG', ''), ('XMODIFIERS', '@im=ibus'), ('XDG_SESSION_DESKTOP', 'ubuntu'), ('XAUTHORITY', '/run/user/1000/.mutter-Xwaylandauth.DAIGM2'), ('LS_COLORS', ''), ('TERM_PROGRAM', 'vscode'), ('VSCODE_GIT_IPC_HANDLE', '/run/user/1000/vscode-git-5306c328cd.sock'), ('SSH_AGENT_LAUNCHER', 'gnome-keyring'), ('SSH_AUTH_SOCK', '/run/user/1000/keyring/ssh'), ('GSETTINGS_SCHEMA_DIR', '/home/ahmed/snap/code/157/.local/share/glib-2.0/schemas'), ('ORIGINAL_XDG_CURRENT_DESKTOP', 'ubuntu:GNOME'), ('AMENT_PREFIX_PATH', '/home/ahmed/projects/ROS2/workspace-project/ROS2-workspace/install/my_pkg:/opt/ros/humble'), ('SNAP_USER_COMMON', '/home/ahmed/snap/code/common'), ('SNAP_ARCH', 'amd64'), ('SNAP_COOKIE', 'm2Cu0vsbbo3eI__ThliLlzi1AU4TAPBL8ruQWg1Itf3bno2g71jt'), ('SHELL', '/usr/bin/zsh'), ('LC_NAME', 'en_US.UTF-8'), ('GDK_PIXBUF_MODULEDIR', '/snap/code/157/usr/lib/x86_64-linux-gnu/gdk-pixbuf-2.0/2.10.0/loaders'), ('QT_ACCESSIBILITY', '1'), ('GDMSESSION', 'ubuntu'), ('ELECTRON_RUN_AS_NODE', '1'), ('GTK_PATH_VSCODE_SNAP_ORIG', ''), ('SNAP_NAME', 'code'), ('GTK_IM_MODULE_FILE_VSCODE_SNAP_ORIG', ''), ('LC_MEASUREMENT', 'en_US.UTF-8'), ('GJS_DEBUG_OUTPUT', 'stderr'), ('LC_IDENTIFICATION', 'en_US.UTF-8'), ('GDK_PIXBUF_MODULE_FILE', '/home/ahmed/snap/code/common/.cache/gdk-pixbuf-loaders.cache'), ('QT_IM_MODULE', 'ibus'), ('SNAP_LAUNCHER_ARCH_TRIPLET', 'x86_64-linux-gnu'), ('VSCODE_GIT_ASKPASS_EXTRA_ARGS', ''), ('PWD', '/home/ahmed/projects/ROS2/workspace-project/ROS2-workspace/build/my_pkg'), ('LC_ALL', 'en_US.UTF-8'), ('VSCODE_CLI', '1'), ('XDG_DATA_DIRS', '/usr/share/ubuntu:/home/ahmed/snap/code/157/.local/share:/home/ahmed/snap/code/157:/snap/code/157/usr/share:/usr/local/share/:/usr/share/:/var/lib/snapd/desktop'), ('XDG_CONFIG_DIRS', '/etc/xdg/xdg-ubuntu:/etc/xdg'), ('SNAP_REAL_HOME', '/home/ahmed'), ('VSCODE_CODE_CACHE_PATH', '/home/ahmed/.config/Code/CachedData/e170252f762678dec6ca2cc69aba1570769a5d39'), ('LC_NUMERIC', 'en_US.UTF-8'), ('PYTHONPATH', '/opt/ros/humble/lib/python3.10/site-packages:/opt/ros/humble/local/lib/python3.10/dist-packages'), ('SNAP_EUID', '1000'), ('SNAP', '/snap/code/157'), ('LC_PAPER', 'en_US.UTF-8'), ('COLCON', '1'), ('ELECTRON_NO_ATTACH_CONSOLE', '1'), ('CMAKE_PREFIX_PATH', '/home/ahmed/projects/ROS2/workspace-project/ROS2-workspace/install/my_pkg:/opt/ros/humble'), ('VSCODE_PID', '4890')]), 'shell': False}
[3.010700] (-) TimerEvent: {}
[3.011544] (my_pkg) StdoutLine: {'line': b'-- Install configuration: "RelWithDebInfo"\n'}
[3.011939] (my_pkg) StdoutLine: {'line': b'-- Execute custom install script\n'}
[3.012240] (my_pkg) StdoutLine: {'line': b'-- Up-to-date symlink: /home/ahmed/projects/ROS2/workspace-project/ROS2-workspace/install/my_pkg/lib/my_pkg/welcome_node\n'}
[3.012418] (my_pkg) StdoutLine: {'line': b'-- Up-to-date symlink: /home/ahmed/projects/ROS2/workspace-project/ROS2-workspace/install/my_pkg/share/ament_index/resource_index/package_run_dependencies/my_pkg\n'}
[3.012598] (my_pkg) StdoutLine: {'line': b'-- Up-to-date symlink: /home/ahmed/projects/ROS2/workspace-project/ROS2-workspace/install/my_pkg/share/ament_index/resource_index/parent_prefix_path/my_pkg\n'}
[3.012751] (my_pkg) StdoutLine: {'line': b'-- Up-to-date symlink: /home/ahmed/projects/ROS2/workspace-project/ROS2-workspace/install/my_pkg/share/my_pkg/environment/ament_prefix_path.sh\n'}
[3.012904] (my_pkg) StdoutLine: {'line': b'-- Up-to-date symlink: /home/ahmed/projects/ROS2/workspace-project/ROS2-workspace/install/my_pkg/share/my_pkg/environment/ament_prefix_path.dsv\n'}
[3.013050] (my_pkg) StdoutLine: {'line': b'-- Up-to-date symlink: /home/ahmed/projects/ROS2/workspace-project/ROS2-workspace/install/my_pkg/share/my_pkg/environment/path.sh\n'}
[3.013198] (my_pkg) StdoutLine: {'line': b'-- Up-to-date symlink: /home/ahmed/projects/ROS2/workspace-project/ROS2-workspace/install/my_pkg/share/my_pkg/environment/path.dsv\n'}
[3.013346] (my_pkg) StdoutLine: {'line': b'-- Up-to-date symlink: /home/ahmed/projects/ROS2/workspace-project/ROS2-workspace/install/my_pkg/share/my_pkg/local_setup.bash\n'}
[3.013495] (my_pkg) StdoutLine: {'line': b'-- Up-to-date symlink: /home/ahmed/projects/ROS2/workspace-project/ROS2-workspace/install/my_pkg/share/my_pkg/local_setup.sh\n'}
[3.013638] (my_pkg) StdoutLine: {'line': b'-- Up-to-date symlink: /home/ahmed/projects/ROS2/workspace-project/ROS2-workspace/install/my_pkg/share/my_pkg/local_setup.zsh\n'}
[3.013793] (my_pkg) StdoutLine: {'line': b'-- Up-to-date symlink: /home/ahmed/projects/ROS2/workspace-project/ROS2-workspace/install/my_pkg/share/my_pkg/local_setup.dsv\n'}
[3.013899] (my_pkg) StdoutLine: {'line': b'-- Symlinking: /home/ahmed/projects/ROS2/workspace-project/ROS2-workspace/install/my_pkg/share/my_pkg/package.dsv\n'}
[3.024269] (my_pkg) StdoutLine: {'line': b'-- Up-to-date symlink: /home/ahmed/projects/ROS2/workspace-project/ROS2-workspace/install/my_pkg/share/ament_index/resource_index/packages/my_pkg\n'}
[3.024508] (my_pkg) StdoutLine: {'line': b'-- Up-to-date symlink: /home/ahmed/projects/ROS2/workspace-project/ROS2-workspace/install/my_pkg/share/my_pkg/cmake/my_pkgConfig.cmake\n'}
[3.024624] (my_pkg) StdoutLine: {'line': b'-- Up-to-date symlink: /home/ahmed/projects/ROS2/workspace-project/ROS2-workspace/install/my_pkg/share/my_pkg/cmake/my_pkgConfig-version.cmake\n'}
[3.024754] (my_pkg) StdoutLine: {'line': b'-- Up-to-date symlink: /home/ahmed/projects/ROS2/workspace-project/ROS2-workspace/install/my_pkg/share/my_pkg/package.xml\n'}
[3.026984] (my_pkg) CommandEnded: {'returncode': 0}
[3.073531] (my_pkg) JobEnded: {'identifier': 'my_pkg', 'rc': 0}
[3.074617] (-) EventReactorShutdown: {}
